[Warn  - 오후 1:32:10] 04:32:10.298 WARNING ⛔️ Environment variable configuration is being deprecated, please use workspace configuration. The following environment variables were used: shfmt
[Info  - 오후 1:32:10] 04:32:10.334 INFO BackgroundAnalysis: resolving glob "**/*@(.sh|.inc|.bash|.command)" inside "file:///root/scripts"...
[Info  - 오후 1:32:10] 04:32:10.355 INFO BackgroundAnalysis: Glob resolved with 111 files after 0.021 seconds
[Warn  - 오후 1:32:10] 04:32:10.416 WARNING ⛔️ Error while parsing file:///root/scripts/~/vscode/User/History/-5a26625/MNkQ.sh: syntax error
[Warn  - 오후 1:32:10] 04:32:10.420 WARNING ⛔️ Error while parsing file:///root/scripts/~/vscode/User/History/-5a26625/X0yh.sh: syntax error
[Warn  - 오후 1:32:10] 04:32:10.460 WARNING ⛔️ Error while parsing file:///root/scripts/~/vscode/User/History/1b1826a7/XIwq.sh: syntax error
[Warn  - 오후 1:32:10] 04:32:10.470 WARNING ⛔️ Error while parsing file:///root/scripts/~/vscode/User/History/1b1826a7/q7Qz.sh: syntax error
[Warn  - 오후 1:32:10] 04:32:10.484 WARNING ⛔️ Error while parsing file:///root/scripts/~/vscode/User/History/1b1826a7/wwJI.sh: syntax error
[Info  - 오후 1:32:10] 04:32:10.488 INFO BackgroundAnalysis: Completed after 0.154 seconds.
[Warn  - 오후 1:32:10] 04:32:10.840 WARNING ⛔️ ShellCheck: disabling linting as no executable was found at path 'shellcheck'
[Warn  - 오후 1:33:06] 04:33:06.955 WARNING ⛔️ Error while parsing file:///root/shell/add_dir.sh: syntax error
[Warn  - 오후 1:33:07] 04:33:07.644 WARNING ⛔️ Error while parsing file:///root/shell/add_dir.sh: syntax error
[Warn  - 오후 1:33:08] 04:33:08.060 WARNING ⛔️ Error while parsing file:///root/shell/add_dir.sh: syntax error
[Warn  - 오후 1:33:08] 04:33:08.196 WARNING ⛔️ Error while parsing file:///root/shell/add_dir.sh: syntax error
[Warn  - 오후 1:33:08] 04:33:08.667 WARNING ⛔️ Error while parsing file:///root/shell/add_dir.sh: syntax error
[Warn  - 오후 1:33:09] 04:33:09.442 WARNING ⛔️ Error while parsing file:///root/shell/add_dir.sh: syntax error
[Warn  - 오후 1:33:10] 04:33:10.379 WARNING ⛔️ Error while parsing file:///root/shell/add_dir.sh: syntax error
[Warn  - 오후 1:33:11] 04:33:11.854 WARNING ⛔️ Error while parsing file:///root/shell/add_dir.sh: syntax error
[Warn  - 오후 1:33:13] 04:33:13.123 WARNING ⛔️ Error while parsing file:///root/shell/add_dir.sh: syntax error
[Warn  - 오후 1:33:13] 04:33:13.229 WARNING ⛔️ Error while parsing file:///root/shell/add_dir.sh: syntax error
[Warn  - 오후 1:33:13] 04:33:13.506 WARNING ⛔️ Error while parsing file:///root/shell/add_dir.sh: syntax error
[Warn  - 오후 1:33:13] 04:33:13.963 WARNING ⛔️ Error while parsing file:///root/shell/add_dir.sh: syntax error
[Warn  - 오후 1:33:14] 04:33:14.063 WARNING ⛔️ Error while parsing file:///root/shell/add_dir.sh: syntax error
[Warn  - 오후 1:33:14] 04:33:14.506 WARNING ⛔️ Error while parsing file:///root/shell/add_dir.sh: syntax error
[Warn  - 오후 1:33:14] 04:33:14.986 WARNING ⛔️ Error while parsing file:///root/shell/add_dir.sh: syntax error
[Warn  - 오후 1:33:16] 04:33:16.074 WARNING ⛔️ Error while parsing file:///root/shell/add_dir.sh: syntax error
[Warn  - 오후 1:33:16] 04:33:16.965 WARNING ⛔️ Error while parsing file:///root/shell/add_dir.sh: syntax error
[Warn  - 오후 1:33:17] 04:33:17.048 WARNING ⛔️ Error while parsing file:///root/shell/add_dir.sh: syntax error
[Warn  - 오후 1:33:17] 04:33:17.714 WARNING ⛔️ Error while parsing file:///root/shell/add_dir.sh: syntax error
[Warn  - 오후 1:33:17] 04:33:17.963 WARNING ⛔️ Error while parsing file:///root/shell/add_dir.sh: syntax error
[Warn  - 오후 1:33:18] 04:33:18.883 WARNING ⛔️ Error while parsing file:///root/shell/add_dir.sh: syntax error
[Warn  - 오후 1:33:19] 04:33:19.292 WARNING ⛔️ Error while parsing file:///root/shell/add_dir.sh: syntax error
[Warn  - 오후 1:33:19] 04:33:19.463 WARNING ⛔️ Error while parsing file:///root/shell/add_dir.sh: syntax error
[Warn  - 오후 1:33:19] 04:33:19.472 WARNING ⛔️ Error while parsing file:///root/shell/add_dir.sh: syntax error
[Warn  - 오후 1:33:19] 04:33:19.939 WARNING ⛔️ Error while parsing file:///root/shell/add_dir.sh: syntax error
[Warn  - 오후 1:33:20] 04:33:20.445 WARNING ⛔️ Error while parsing file:///root/shell/add_dir.sh: syntax error
[Warn  - 오후 1:34:39] 04:34:39.170 WARNING ⛔️ Error while parsing file:///root/shell/add_dir.sh: syntax error
[Warn  - 오후 1:36:08] 04:36:08.671 WARNING ⛔️ Error while parsing file:///root/shell/add_dir.sh: syntax error
[Warn  - 오후 1:36:09] 04:36:09.744 WARNING ⛔️ Error while parsing file:///root/shell/add_dir.sh: syntax error
[Warn  - 오후 1:36:10] 04:36:10.802 WARNING ⛔️ Error while parsing file:///root/shell/add_dir.sh: syntax error
[Warn  - 오후 1:36:11] 04:36:11.200 WARNING ⛔️ Error while parsing file:///root/shell/add_dir.sh: syntax error
[Warn  - 오후 1:36:11] 04:36:11.489 WARNING ⛔️ Error while parsing file:///root/shell/add_dir.sh: syntax error
[Warn  - 오후 1:36:11] 04:36:11.646 WARNING ⛔️ Error while parsing file:///root/shell/add_dir.sh: syntax error
[Warn  - 오후 1:36:12] 04:36:12.064 WARNING ⛔️ Error while parsing file:///root/shell/add_dir.sh: syntax error
[Warn  - 오후 1:36:16] 04:36:16.878 WARNING ⛔️ Error while parsing file:///root/shell/add_dir.sh: syntax error
[Warn  - 오후 1:36:18] 04:36:18.233 WARNING ⛔️ Error while parsing file:///root/shell/add_dir.sh: syntax error
[Warn  - 오후 1:36:19] 04:36:19.455 WARNING ⛔️ Error while parsing file:///root/shell/add_dir.sh: syntax error
[Warn  - 오후 1:36:19] 04:36:19.930 WARNING ⛔️ Error while parsing file:///root/shell/add_dir.sh: syntax error
[Warn  - 오후 1:36:20] 04:36:20.114 WARNING ⛔️ Error while parsing file:///root/shell/add_dir.sh: syntax error
[Warn  - 오후 1:36:20] 04:36:20.656 WARNING ⛔️ Error while parsing file:///root/shell/add_dir.sh: syntax error
[Warn  - 오후 1:36:21] 04:36:21.121 WARNING ⛔️ Error while parsing file:///root/shell/add_dir.sh: syntax error
[Warn  - 오후 1:36:21] 04:36:21.384 WARNING ⛔️ Error while parsing file:///root/shell/add_dir.sh: syntax error
[Warn  - 오후 1:36:21] 04:36:21.681 WARNING ⛔️ Error while parsing file:///root/shell/add_dir.sh: syntax error
[Warn  - 오후 1:36:22] 04:36:22.096 WARNING ⛔️ Error while parsing file:///root/shell/add_dir.sh: syntax error
[Warn  - 오후 1:36:22] 04:36:22.158 WARNING ⛔️ Error while parsing file:///root/shell/add_dir.sh: syntax error
[Warn  - 오후 1:36:22] 04:36:22.313 WARNING ⛔️ Error while parsing file:///root/shell/add_dir.sh: syntax error
[Warn  - 오후 1:39:42] 04:39:42.598 WARNING ⛔️ Error while parsing file:///root/shell/ast1.sh: syntax error
[Warn  - 오후 1:39:42] 04:39:42.964 WARNING ⛔️ Error while parsing file:///root/shell/ast1.sh: syntax error
[Warn  - 오후 1:39:43] 04:39:43.064 WARNING ⛔️ Error while parsing file:///root/shell/ast1.sh: syntax error
[Warn  - 오후 1:39:43] 04:39:43.476 WARNING ⛔️ Error while parsing file:///root/shell/ast1.sh: syntax error
[Warn  - 오후 1:39:44] 04:39:44.021 WARNING ⛔️ Error while parsing file:///root/shell/ast1.sh: syntax error
[Warn  - 오후 1:39:44] 04:39:44.156 WARNING ⛔️ Error while parsing file:///root/shell/ast1.sh: syntax error
[Warn  - 오후 1:39:44] 04:39:44.517 WARNING ⛔️ Error while parsing file:///root/shell/ast1.sh: syntax error
[Warn  - 오후 1:39:48] 04:39:48.158 WARNING ⛔️ Error while parsing file:///root/shell/ast1.sh: syntax error
[Warn  - 오후 1:39:48] 04:39:48.896 WARNING ⛔️ Error while parsing file:///root/shell/ast1.sh: syntax error
[Warn  - 오후 1:39:49] 04:39:49.983 WARNING ⛔️ Error while parsing file:///root/shell/ast1.sh: syntax error
[Warn  - 오후 1:39:50] 04:39:50.299 WARNING ⛔️ Error while parsing file:///root/shell/ast1.sh: syntax error
[Warn  - 오후 1:39:50] 04:39:50.947 WARNING ⛔️ Error while parsing file:///root/shell/ast1.sh: syntax error
[Warn  - 오후 1:39:51] 04:39:51.149 WARNING ⛔️ Error while parsing file:///root/shell/ast1.sh: syntax error
[Warn  - 오후 1:39:51] 04:39:51.973 WARNING ⛔️ Error while parsing file:///root/shell/ast1.sh: syntax error
[Warn  - 오후 1:39:52] 04:39:52.806 WARNING ⛔️ Error while parsing file:///root/shell/ast1.sh: syntax error
[Warn  - 오후 1:39:53] 04:39:53.469 WARNING ⛔️ Error while parsing file:///root/shell/ast1.sh: syntax error
[Warn  - 오후 1:39:55] 04:39:55.819 WARNING ⛔️ Error while parsing file:///root/shell/ast1.sh: syntax error
[Warn  - 오후 1:39:56] 04:39:56.199 WARNING ⛔️ Error while parsing file:///root/shell/ast1.sh: syntax error
[Warn  - 오후 1:39:56] 04:39:56.335 WARNING ⛔️ Error while parsing file:///root/shell/ast1.sh: syntax error
[Warn  - 오후 1:39:57] 04:39:57.519 WARNING ⛔️ Error while parsing file:///root/shell/ast1.sh: syntax error
[Warn  - 오후 1:39:57] 04:39:57.638 WARNING ⛔️ Error while parsing file:///root/shell/ast1.sh: syntax error
[Warn  - 오후 1:39:57] 04:39:57.798 WARNING ⛔️ Error while parsing file:///root/shell/ast1.sh: syntax error
[Warn  - 오후 1:40:50] 04:40:50.530 WARNING ⛔️ Error while parsing file:///root/shell/ast1.sh: syntax error
[Warn  - 오후 1:40:50] 04:40:50.966 WARNING ⛔️ Error while parsing file:///root/shell/ast1.sh: syntax error
[Warn  - 오후 1:40:55] 04:40:55.273 WARNING ⛔️ Error while parsing file:///root/shell/ast1.sh: syntax error
[Warn  - 오후 1:40:57] 04:40:57.241 WARNING ⛔️ Error while parsing file:///root/shell/ast1.sh: syntax error
[Warn  - 오후 1:41:09] 04:41:09.621 WARNING ⛔️ Error while parsing file:///root/shell/ast1.sh: syntax error
[Warn  - 오후 1:41:10] 04:41:10.164 WARNING ⛔️ Error while parsing file:///root/shell/ast1.sh: syntax error
[Warn  - 오후 1:41:11] 04:41:11.118 WARNING ⛔️ Error while parsing file:///root/shell/ast1.sh: syntax error
[Warn  - 오후 1:41:12] 04:41:12.565 WARNING ⛔️ Error while parsing file:///root/shell/ast1.sh: syntax error
[Warn  - 오후 1:41:13] 04:41:13.683 WARNING ⛔️ Error while parsing file:///root/shell/ast1.sh: syntax error
[Warn  - 오후 1:41:14] 04:41:14.290 WARNING ⛔️ Error while parsing file:///root/shell/ast1.sh: syntax error
[Warn  - 오후 1:41:22] 04:41:22.197 WARNING ⛔️ Error while parsing file:///root/shell/ast1.sh: syntax error
[Warn  - 오후 1:41:22] 04:41:22.524 WARNING ⛔️ Error while parsing file:///root/shell/ast1.sh: syntax error
[Warn  - 오후 1:41:22] 04:41:22.621 WARNING ⛔️ Error while parsing file:///root/shell/ast1.sh: syntax error
[Warn  - 오후 1:41:23] 04:41:23.651 WARNING ⛔️ Error while parsing file:///root/shell/ast1.sh: syntax error
[Warn  - 오후 1:41:25] 04:41:25.292 WARNING ⛔️ Error while parsing file:///root/shell/ast1.sh: syntax error
[Warn  - 오후 1:41:25] 04:41:25.534 WARNING ⛔️ Error while parsing file:///root/shell/ast1.sh: syntax error
[Warn  - 오후 1:41:25] 04:41:25.635 WARNING ⛔️ Error while parsing file:///root/shell/ast1.sh: syntax error
[Warn  - 오후 1:41:25] 04:41:25.773 WARNING ⛔️ Error while parsing file:///root/shell/ast1.sh: syntax error
[Warn  - 오후 1:47:46] 04:47:46.161 WARNING ⛔️ Error while parsing file:///root/shell/ast2.sh: syntax error
[Warn  - 오후 1:47:46] 04:47:46.600 WARNING ⛔️ Error while parsing file:///root/shell/ast2.sh: syntax error
[Warn  - 오후 1:47:46] 04:47:46.625 WARNING ⛔️ Error while parsing file:///root/shell/ast2.sh: syntax error
[Warn  - 오후 1:47:47] 04:47:47.000 WARNING ⛔️ Error while parsing file:///root/shell/ast2.sh: syntax error
[Warn  - 오후 1:47:47] 04:47:47.140 WARNING ⛔️ Error while parsing file:///root/shell/ast2.sh: syntax error
[Warn  - 오후 1:47:47] 04:47:47.927 WARNING ⛔️ Error while parsing file:///root/shell/ast2.sh: syntax error
[Warn  - 오후 1:47:48] 04:47:48.200 WARNING ⛔️ Error while parsing file:///root/shell/ast2.sh: syntax error
[Warn  - 오후 1:47:48] 04:47:48.304 WARNING ⛔️ Error while parsing file:///root/shell/ast2.sh: syntax error
[Warn  - 오후 1:47:49] 04:47:49.163 WARNING ⛔️ Error while parsing file:///root/shell/ast2.sh: syntax error
[Warn  - 오후 1:47:49] 04:47:49.432 WARNING ⛔️ Error while parsing file:///root/shell/ast2.sh: syntax error
[Warn  - 오후 1:47:49] 04:47:49.618 WARNING ⛔️ Error while parsing file:///root/shell/ast2.sh: syntax error
[Warn  - 오후 1:47:49] 04:47:49.694 WARNING ⛔️ Error while parsing file:///root/shell/ast2.sh: syntax error
[Warn  - 오후 1:47:50] 04:47:50.410 WARNING ⛔️ Error while parsing file:///root/shell/ast2.sh: syntax error
[Warn  - 오후 1:47:50] 04:47:50.529 WARNING ⛔️ Error while parsing file:///root/shell/ast2.sh: syntax error
[Warn  - 오후 1:47:50] 04:47:50.695 WARNING ⛔️ Error while parsing file:///root/shell/ast2.sh: syntax error
[Warn  - 오후 1:47:50] 04:47:50.842 WARNING ⛔️ Error while parsing file:///root/shell/ast2.sh: syntax error
[Warn  - 오후 1:47:51] 04:47:51.200 WARNING ⛔️ Error while parsing file:///root/shell/ast2.sh: syntax error
[Warn  - 오후 1:47:51] 04:47:51.739 WARNING ⛔️ Error while parsing file:///root/shell/ast2.sh: syntax error
[Warn  - 오후 1:47:54] 04:47:54.104 WARNING ⛔️ Error while parsing file:///root/shell/ast2.sh: syntax error
[Warn  - 오후 1:47:56] 04:47:56.264 WARNING ⛔️ Error while parsing file:///root/shell/ast2.sh: syntax error
[Warn  - 오후 1:47:58] 04:47:58.992 WARNING ⛔️ Error while parsing file:///root/shell/ast2.sh: syntax error
[Warn  - 오후 1:48:00] 04:48:00.471 WARNING ⛔️ Error while parsing file:///root/shell/ast2.sh: syntax error
[Warn  - 오후 1:48:04] 04:48:04.864 WARNING ⛔️ Error while parsing file:///root/shell/ast2.sh: syntax error
[Warn  - 오후 1:48:56] 04:48:56.623 WARNING ⛔️ Error while parsing file:///root/shell/ast2.sh: syntax error
[Warn  - 오후 1:49:16] 04:49:16.840 WARNING ⛔️ Error while parsing file:///root/shell/ast2.sh: syntax error
[Warn  - 오후 1:49:18] 04:49:18.603 WARNING ⛔️ Error while parsing file:///root/shell/ast2.sh: syntax error
[Warn  - 오후 1:49:22] 04:49:22.400 WARNING ⛔️ Error while parsing file:///root/shell/ast2.sh: syntax error
[Warn  - 오후 1:49:29] 04:49:29.831 WARNING ⛔️ Error while parsing file:///root/shell/ast2.sh: syntax error
[Warn  - 오후 2:07:22] 05:07:22.520 WARNING ⛔️ Error while parsing file:///root/shell/ast2.sh: syntax error
[Warn  - 오후 2:07:38] 05:07:38.149 WARNING ⛔️ Error while parsing file:///root/shell/ast2.sh: syntax error
[Warn  - 오후 2:10:58] 05:10:58.693 WARNING ⛔️ Error while parsing file:///root/shell/ast2.sh: syntax error
[Warn  - 오후 2:10:59] 05:10:59.055 WARNING ⛔️ Error while parsing file:///root/shell/ast2.sh: syntax error
[Warn  - 오후 2:11:00] 05:11:00.335 WARNING ⛔️ Error while parsing file:///root/shell/ast2.sh: syntax error
[Warn  - 오후 2:11:00] 05:11:00.699 WARNING ⛔️ Error while parsing file:///root/shell/ast2.sh: syntax error
[Warn  - 오후 2:11:08] 05:11:08.411 WARNING ⛔️ Error while parsing file:///root/shell/ast2.sh: syntax error
[Warn  - 오후 2:11:09] 05:11:09.865 WARNING ⛔️ Error while parsing file:///root/shell/ast2.sh: syntax error
[Warn  - 오후 2:11:09] 05:11:09.970 WARNING ⛔️ Error while parsing file:///root/shell/ast2.sh: syntax error
[Warn  - 오후 2:11:11] 05:11:11.250 WARNING ⛔️ Error while parsing file:///root/shell/ast2.sh: syntax error
[Warn  - 오후 2:11:12] 05:11:12.087 WARNING ⛔️ Error while parsing file:///root/shell/ast2.sh: syntax error
[Warn  - 오후 2:11:12] 05:11:12.769 WARNING ⛔️ Error while parsing file:///root/shell/ast2.sh: syntax error
[Warn  - 오후 2:11:13] 05:11:13.713 WARNING ⛔️ Error while parsing file:///root/shell/ast2.sh: syntax error
[Warn  - 오후 2:11:15] 05:11:15.663 WARNING ⛔️ Error while parsing file:///root/shell/ast2.sh: syntax error
[Warn  - 오후 2:11:29] 05:11:29.377 WARNING ⛔️ Error while parsing file:///root/shell/ast2.sh: syntax error
[Warn  - 오후 2:13:13] 05:13:13.224 WARNING ⛔️ Error while parsing file:///root/shell/ast2.sh: syntax error
[Warn  - 오후 2:13:13] 05:13:13.301 WARNING ⛔️ Error while parsing file:///root/shell/ast2.sh: syntax error
[Warn  - 오후 2:13:13] 05:13:13.700 WARNING ⛔️ Error while parsing file:///root/shell/ast2.sh: syntax error
[Warn  - 오후 2:14:29] 05:14:29.790 WARNING ⛔️ Error while parsing file:///root/shell/ast2.sh: syntax error
[Warn  - 오후 2:14:31] 05:14:31.056 WARNING ⛔️ Error while parsing file:///root/shell/ast2.sh: syntax error
[Warn  - 오후 2:14:31] 05:14:31.140 WARNING ⛔️ Error while parsing file:///root/shell/ast2.sh: syntax error
[Warn  - 오후 2:14:32] 05:14:32.167 WARNING ⛔️ Error while parsing file:///root/shell/ast2.sh: syntax error
[Warn  - 오후 2:14:37] 05:14:37.760 WARNING ⛔️ Error while parsing file:///root/shell/ast2.sh: syntax error
[Warn  - 오후 2:14:38] 05:14:38.411 WARNING ⛔️ Error while parsing file:///root/shell/ast2.sh: syntax error
[Warn  - 오후 2:14:39] 05:14:39.796 WARNING ⛔️ Error while parsing file:///root/shell/ast2.sh: syntax error
[Warn  - 오후 2:14:41] 05:14:41.151 WARNING ⛔️ Error while parsing file:///root/shell/ast2.sh: syntax error
[Warn  - 오후 2:14:41] 05:14:41.251 WARNING ⛔️ Error while parsing file:///root/shell/ast2.sh: syntax error
[Warn  - 오후 2:14:42] 05:14:42.910 WARNING ⛔️ Error while parsing file:///root/shell/ast2.sh: syntax error
[Warn  - 오후 2:14:43] 05:14:43.440 WARNING ⛔️ Error while parsing file:///root/shell/ast2.sh: syntax error
[Warn  - 오후 2:14:43] 05:14:43.516 WARNING ⛔️ Error while parsing file:///root/shell/ast2.sh: syntax error
[Warn  - 오후 2:14:43] 05:14:43.652 WARNING ⛔️ Error while parsing file:///root/shell/ast2.sh: syntax error
[Warn  - 오후 2:21:50] 05:21:50.177 WARNING ⛔️ Error while parsing file:///root/shell/ast2.sh: syntax error
[Warn  - 오후 2:21:50] 05:21:50.280 WARNING ⛔️ Error while parsing file:///root/shell/ast2.sh: syntax error
[Warn  - 오후 2:21:51] 05:21:51.545 WARNING ⛔️ Error while parsing file:///root/shell/ast2.sh: syntax error
[Warn  - 오후 2:21:51] 05:21:51.937 WARNING ⛔️ Error while parsing file:///root/shell/ast2.sh: syntax error
[Warn  - 오후 2:40:54] 05:40:54.405 WARNING ⛔️ Error while parsing file:///root/shell/calculator_ver2.sh: syntax error
[Warn  - 오후 2:40:55] 05:40:55.931 WARNING ⛔️ Error while parsing file:///root/shell/calculator_ver2.sh: syntax error
[Warn  - 오후 2:40:56] 05:40:56.731 WARNING ⛔️ Error while parsing file:///root/shell/calculator_ver2.sh: syntax error
[Warn  - 오후 2:40:56] 05:40:56.888 WARNING ⛔️ Error while parsing file:///root/shell/calculator_ver2.sh: syntax error
[Warn  - 오후 2:40:58] 05:40:58.117 WARNING ⛔️ Error while parsing file:///root/shell/calculator_ver2.sh: syntax error
[Warn  - 오후 2:40:58] 05:40:58.422 WARNING ⛔️ Error while parsing file:///root/shell/calculator_ver2.sh: syntax error
[Warn  - 오후 2:40:59] 05:40:59.884 WARNING ⛔️ Error while parsing file:///root/shell/calculator_ver2.sh: syntax error
[Warn  - 오후 2:41:00] 05:41:00.318 WARNING ⛔️ Error while parsing file:///root/shell/calculator_ver2.sh: syntax error
[Warn  - 오후 2:41:00] 05:41:00.484 WARNING ⛔️ Error while parsing file:///root/shell/calculator_ver2.sh: syntax error
[Warn  - 오후 2:41:02] 05:41:02.103 WARNING ⛔️ Error while parsing file:///root/shell/calculator_ver2.sh: syntax error
[Warn  - 오후 2:41:03] 05:41:03.123 WARNING ⛔️ Error while parsing file:///root/shell/calculator_ver2.sh: syntax error
[Warn  - 오후 2:41:03] 05:41:03.989 WARNING ⛔️ Error while parsing file:///root/shell/calculator_ver2.sh: syntax error
[Warn  - 오후 2:41:05] 05:41:05.364 WARNING ⛔️ Error while parsing file:///root/shell/calculator_ver2.sh: syntax error
[Warn  - 오후 2:41:09] 05:41:09.188 WARNING ⛔️ Error while parsing file:///root/shell/calculator_ver2.sh: syntax error
[Warn  - 오후 2:41:10] 05:41:10.908 WARNING ⛔️ Error while parsing file:///root/shell/calculator_ver2.sh: syntax error
[Warn  - 오후 2:41:14] 05:41:14.905 WARNING ⛔️ Error while parsing file:///root/shell/calculator_ver2.sh: syntax error
[Warn  - 오후 2:41:15] 05:41:15.423 WARNING ⛔️ Error while parsing file:///root/shell/calculator_ver2.sh: syntax error
[Warn  - 오후 2:41:15] 05:41:15.683 WARNING ⛔️ Error while parsing file:///root/shell/calculator_ver2.sh: syntax error
[Warn  - 오후 2:41:16] 05:41:16.076 WARNING ⛔️ Error while parsing file:///root/shell/calculator_ver2.sh: syntax error
[Warn  - 오후 2:41:16] 05:41:16.877 WARNING ⛔️ Error while parsing file:///root/shell/calculator_ver2.sh: syntax error
[Warn  - 오후 2:41:17] 05:41:17.304 WARNING ⛔️ Error while parsing file:///root/shell/calculator_ver2.sh: syntax error
[Warn  - 오후 2:41:22] 05:41:22.439 WARNING ⛔️ Error while parsing file:///root/shell/calculator_ver2.sh: syntax error
[Warn  - 오후 2:41:22] 05:41:22.698 WARNING ⛔️ Error while parsing file:///root/shell/calculator_ver2.sh: syntax error
[Warn  - 오후 2:41:23] 05:41:23.080 WARNING ⛔️ Error while parsing file:///root/shell/calculator_ver2.sh: syntax error
[Warn  - 오후 2:41:25] 05:41:25.739 WARNING ⛔️ Error while parsing file:///root/shell/calculator_ver2.sh: syntax error
[Warn  - 오후 2:41:26] 05:41:26.115 WARNING ⛔️ Error while parsing file:///root/shell/calculator_ver2.sh: syntax error
[Warn  - 오후 2:41:27] 05:41:27.522 WARNING ⛔️ Error while parsing file:///root/shell/calculator_ver2.sh: syntax error
[Warn  - 오후 2:41:29] 05:41:29.229 WARNING ⛔️ Error while parsing file:///root/shell/calculator_ver2.sh: syntax error
[Warn  - 오후 2:41:30] 05:41:30.555 WARNING ⛔️ Error while parsing file:///root/shell/calculator_ver2.sh: syntax error
[Warn  - 오후 2:41:31] 05:41:31.342 WARNING ⛔️ Error while parsing file:///root/shell/calculator_ver2.sh: syntax error
[Warn  - 오후 2:41:33] 05:41:33.668 WARNING ⛔️ Error while parsing file:///root/shell/calculator_ver2.sh: syntax error
[Warn  - 오후 2:41:35] 05:41:35.032 WARNING ⛔️ Error while parsing file:///root/shell/calculator_ver2.sh: syntax error
[Warn  - 오후 2:41:36] 05:41:36.387 WARNING ⛔️ Error while parsing file:///root/shell/calculator_ver2.sh: syntax error
[Warn  - 오후 2:41:43] 05:41:43.293 WARNING ⛔️ Error while parsing file:///root/shell/calculator_ver2.sh: syntax error
[Warn  - 오후 2:41:44] 05:41:44.059 WARNING ⛔️ Error while parsing file:///root/shell/calculator_ver2.sh: syntax error
[Warn  - 오후 2:41:44] 05:41:44.161 WARNING ⛔️ Error while parsing file:///root/shell/calculator_ver2.sh: syntax error
[Warn  - 오후 2:41:45] 05:41:45.197 WARNING ⛔️ Error while parsing file:///root/shell/calculator_ver2.sh: syntax error
[Warn  - 오후 2:41:48] 05:41:48.134 WARNING ⛔️ Error while parsing file:///root/shell/calculator_ver2.sh: syntax error
[Warn  - 오후 2:41:48] 05:41:48.592 WARNING ⛔️ Error while parsing file:///root/shell/calculator_ver2.sh: syntax error
[Warn  - 오후 2:41:49] 05:41:49.094 WARNING ⛔️ Error while parsing file:///root/shell/calculator_ver2.sh: syntax error
[Warn  - 오후 2:41:49] 05:41:49.639 WARNING ⛔️ Error while parsing file:///root/shell/calculator_ver2.sh: syntax error
[Warn  - 오후 2:41:50] 05:41:50.566 WARNING ⛔️ Error while parsing file:///root/shell/calculator_ver2.sh: syntax error
[Warn  - 오후 2:41:56] 05:41:56.404 WARNING ⛔️ Error while parsing file:///root/shell/calculator_ver2.sh: syntax error
[Warn  - 오후 2:41:56] 05:41:56.980 WARNING ⛔️ Error while parsing file:///root/shell/calculator_ver2.sh: syntax error
[Warn  - 오후 2:41:57] 05:41:57.956 WARNING ⛔️ Error while parsing file:///root/shell/calculator_ver2.sh: syntax error
[Warn  - 오후 2:41:57] 05:41:57.980 WARNING ⛔️ Error while parsing file:///root/shell/calculator_ver2.sh: syntax error
[Warn  - 오후 2:41:58] 05:41:58.229 WARNING ⛔️ Error while parsing file:///root/shell/calculator_ver2.sh: syntax error
[Warn  - 오후 2:41:58] 05:41:58.597 WARNING ⛔️ Error while parsing file:///root/shell/calculator_ver2.sh: syntax error
[Warn  - 오후 2:41:59] 05:41:59.523 WARNING ⛔️ Error while parsing file:///root/shell/calculator_ver2.sh: syntax error
[Warn  - 오후 2:42:00] 05:42:00.765 WARNING ⛔️ Error while parsing file:///root/shell/calculator_ver2.sh: syntax error
[Warn  - 오후 2:42:04] 05:42:04.081 WARNING ⛔️ Error while parsing file:///root/shell/calculator_ver2.sh: syntax error
[Warn  - 오후 2:42:04] 05:42:04.570 WARNING ⛔️ Error while parsing file:///root/shell/calculator_ver2.sh: syntax error
[Warn  - 오후 2:42:05] 05:42:05.029 WARNING ⛔️ Error while parsing file:///root/shell/calculator_ver2.sh: syntax error
[Warn  - 오후 2:42:05] 05:42:05.339 WARNING ⛔️ Error while parsing file:///root/shell/calculator_ver2.sh: syntax error
[Warn  - 오후 2:42:05] 05:42:05.496 WARNING ⛔️ Error while parsing file:///root/shell/calculator_ver2.sh: syntax error
[Warn  - 오후 2:42:06] 05:42:06.355 WARNING ⛔️ Error while parsing file:///root/shell/calculator_ver2.sh: syntax error
[Warn  - 오후 2:42:06] 05:42:06.762 WARNING ⛔️ Error while parsing file:///root/shell/calculator_ver2.sh: syntax error
[Warn  - 오후 2:42:07] 05:42:07.185 WARNING ⛔️ Error while parsing file:///root/shell/calculator_ver2.sh: syntax error
[Warn  - 오후 2:42:07] 05:42:07.619 WARNING ⛔️ Error while parsing file:///root/shell/calculator_ver2.sh: syntax error
[Warn  - 오후 2:42:08] 05:42:08.033 WARNING ⛔️ Error while parsing file:///root/shell/calculator_ver2.sh: syntax error
[Warn  - 오후 2:42:08] 05:42:08.500 WARNING ⛔️ Error while parsing file:///root/shell/calculator_ver2.sh: syntax error
[Warn  - 오후 2:42:09] 05:42:09.173 WARNING ⛔️ Error while parsing file:///root/shell/calculator_ver2.sh: syntax error
[Warn  - 오후 2:42:09] 05:42:09.538 WARNING ⛔️ Error while parsing file:///root/shell/calculator_ver2.sh: syntax error
[Warn  - 오후 2:42:10] 05:42:10.698 WARNING ⛔️ Error while parsing file:///root/shell/calculator_ver2.sh: syntax error
[Warn  - 오후 2:42:10] 05:42:10.800 WARNING ⛔️ Error while parsing file:///root/shell/calculator_ver2.sh: syntax error
[Warn  - 오후 2:42:11] 05:42:11.263 WARNING ⛔️ Error while parsing file:///root/shell/calculator_ver2.sh: syntax error
[Warn  - 오후 2:42:12] 05:42:12.089 WARNING ⛔️ Error while parsing file:///root/shell/calculator_ver2.sh: syntax error
[Warn  - 오후 2:42:13] 05:42:13.467 WARNING ⛔️ Error while parsing file:///root/shell/calculator_ver2.sh: syntax error
[Warn  - 오후 2:42:14] 05:42:14.666 WARNING ⛔️ Error while parsing file:///root/shell/calculator_ver2.sh: syntax error
[Warn  - 오후 2:42:15] 05:42:15.720 WARNING ⛔️ Error while parsing file:///root/shell/calculator_ver2.sh: syntax error
[Warn  - 오후 2:42:16] 05:42:16.362 WARNING ⛔️ Error while parsing file:///root/shell/calculator_ver2.sh: syntax error
[Warn  - 오후 2:42:17] 05:42:17.205 WARNING ⛔️ Error while parsing file:///root/shell/calculator_ver2.sh: syntax error
[Warn  - 오후 2:42:18] 05:42:18.523 WARNING ⛔️ Error while parsing file:///root/shell/calculator_ver2.sh: syntax error
[Warn  - 오후 2:42:23] 05:42:23.813 WARNING ⛔️ Error while parsing file:///root/shell/calculator_ver2.sh: syntax error
[Warn  - 오후 2:42:24] 05:42:24.846 WARNING ⛔️ Error while parsing file:///root/shell/calculator_ver2.sh: syntax error
[Warn  - 오후 2:42:25] 05:42:25.995 WARNING ⛔️ Error while parsing file:///root/shell/calculator_ver2.sh: syntax error
[Warn  - 오후 2:42:26] 05:42:26.597 WARNING ⛔️ Error while parsing file:///root/shell/calculator_ver2.sh: syntax error
[Warn  - 오후 2:42:27] 05:42:27.071 WARNING ⛔️ Error while parsing file:///root/shell/calculator_ver2.sh: syntax error
[Warn  - 오후 2:42:28] 05:42:28.816 WARNING ⛔️ Error while parsing file:///root/shell/calculator_ver2.sh: syntax error
[Warn  - 오후 2:42:30] 05:42:30.052 WARNING ⛔️ Error while parsing file:///root/shell/calculator_ver2.sh: syntax error
[Warn  - 오후 2:42:30] 05:42:30.379 WARNING ⛔️ Error while parsing file:///root/shell/calculator_ver2.sh: syntax error
[Warn  - 오후 2:42:31] 05:42:31.451 WARNING ⛔️ Error while parsing file:///root/shell/calculator_ver2.sh: syntax error
[Warn  - 오후 2:42:32] 05:42:32.395 WARNING ⛔️ Error while parsing file:///root/shell/calculator_ver2.sh: syntax error
[Warn  - 오후 2:42:34] 05:42:34.053 WARNING ⛔️ Error while parsing file:///root/shell/calculator_ver2.sh: syntax error
[Warn  - 오후 2:42:34] 05:42:34.217 WARNING ⛔️ Error while parsing file:///root/shell/calculator_ver2.sh: syntax error
[Warn  - 오후 2:42:34] 05:42:34.796 WARNING ⛔️ Error while parsing file:///root/shell/calculator_ver2.sh: syntax error
[Warn  - 오후 2:42:37] 05:42:37.434 WARNING ⛔️ Error while parsing file:///root/shell/calculator_ver2.sh: syntax error
[Warn  - 오후 2:42:37] 05:42:37.891 WARNING ⛔️ Error while parsing file:///root/shell/calculator_ver2.sh: syntax error
[Warn  - 오후 2:42:38] 05:42:38.001 WARNING ⛔️ Error while parsing file:///root/shell/calculator_ver2.sh: syntax error
[Warn  - 오후 2:42:38] 05:42:38.404 WARNING ⛔️ Error while parsing file:///root/shell/calculator_ver2.sh: syntax error
[Warn  - 오후 2:42:40] 05:42:40.428 WARNING ⛔️ Error while parsing file:///root/shell/calculator_ver2.sh: syntax error
[Warn  - 오후 2:42:41] 05:42:41.548 WARNING ⛔️ Error while parsing file:///root/shell/calculator_ver2.sh: syntax error
[Warn  - 오후 2:42:41] 05:42:41.650 WARNING ⛔️ Error while parsing file:///root/shell/calculator_ver2.sh: syntax error
[Warn  - 오후 2:42:42] 05:42:42.276 WARNING ⛔️ Error while parsing file:///root/shell/calculator_ver2.sh: syntax error
[Warn  - 오후 2:42:42] 05:42:42.876 WARNING ⛔️ Error while parsing file:///root/shell/calculator_ver2.sh: syntax error
[Warn  - 오후 2:42:43] 05:42:43.236 WARNING ⛔️ Error while parsing file:///root/shell/calculator_ver2.sh: syntax error
[Warn  - 오후 2:42:44] 05:42:44.348 WARNING ⛔️ Error while parsing file:///root/shell/calculator_ver2.sh: syntax error
[Warn  - 오후 2:42:45] 05:42:45.467 WARNING ⛔️ Error while parsing file:///root/shell/calculator_ver2.sh: syntax error
[Warn  - 오후 2:42:46] 05:42:46.556 WARNING ⛔️ Error while parsing file:///root/shell/calculator_ver2.sh: syntax error
[Warn  - 오후 2:42:47] 05:42:47.378 WARNING ⛔️ Error while parsing file:///root/shell/calculator_ver2.sh: syntax error
[Warn  - 오후 2:42:48] 05:42:48.409 WARNING ⛔️ Error while parsing file:///root/shell/calculator_ver2.sh: syntax error
[Warn  - 오후 2:42:49] 05:42:49.465 WARNING ⛔️ Error while parsing file:///root/shell/calculator_ver2.sh: syntax error
[Warn  - 오후 2:42:49] 05:42:49.731 WARNING ⛔️ Error while parsing file:///root/shell/calculator_ver2.sh: syntax error
[Warn  - 오후 2:42:50] 05:42:50.197 WARNING ⛔️ Error while parsing file:///root/shell/calculator_ver2.sh: syntax error
[Warn  - 오후 2:42:54] 05:42:54.340 WARNING ⛔️ Error while parsing file:///root/shell/calculator_ver2.sh: syntax error
[Warn  - 오후 2:42:55] 05:42:55.117 WARNING ⛔️ Error while parsing file:///root/shell/calculator_ver2.sh: syntax error
[Warn  - 오후 2:42:56] 05:42:56.737 WARNING ⛔️ Error while parsing file:///root/shell/calculator_ver2.sh: syntax error
[Warn  - 오후 2:42:57] 05:42:57.064 WARNING ⛔️ Error while parsing file:///root/shell/calculator_ver2.sh: syntax error
[Warn  - 오후 2:42:57] 05:42:57.166 WARNING ⛔️ Error while parsing file:///root/shell/calculator_ver2.sh: syntax error
[Warn  - 오후 2:42:57] 05:42:57.404 WARNING ⛔️ Error while parsing file:///root/shell/calculator_ver2.sh: syntax error
[Warn  - 오후 2:42:57] 05:42:57.760 WARNING ⛔️ Error while parsing file:///root/shell/calculator_ver2.sh: syntax error
[Warn  - 오후 2:42:58] 05:42:58.154 WARNING ⛔️ Error while parsing file:///root/shell/calculator_ver2.sh: syntax error
[Warn  - 오후 2:42:58] 05:42:58.465 WARNING ⛔️ Error while parsing file:///root/shell/calculator_ver2.sh: syntax error
[Warn  - 오후 2:42:59] 05:42:59.895 WARNING ⛔️ Error while parsing file:///root/shell/calculator_ver2.sh: syntax error
[Warn  - 오후 2:43:00] 05:43:00.420 WARNING ⛔️ Error while parsing file:///root/shell/calculator_ver2.sh: syntax error
[Warn  - 오후 2:43:01] 05:43:01.195 WARNING ⛔️ Error while parsing file:///root/shell/calculator_ver2.sh: syntax error
[Warn  - 오후 2:43:01] 05:43:01.586 WARNING ⛔️ Error while parsing file:///root/shell/calculator_ver2.sh: syntax error
[Warn  - 오후 2:43:02] 05:43:02.172 WARNING ⛔️ Error while parsing file:///root/shell/calculator_ver2.sh: syntax error
[Warn  - 오후 2:43:02] 05:43:02.553 WARNING ⛔️ Error while parsing file:///root/shell/calculator_ver2.sh: syntax error
[Warn  - 오후 2:43:02] 05:43:02.977 WARNING ⛔️ Error while parsing file:///root/shell/calculator_ver2.sh: syntax error
[Warn  - 오후 2:43:03] 05:43:03.707 WARNING ⛔️ Error while parsing file:///root/shell/calculator_ver2.sh: syntax error
[Warn  - 오후 2:43:49] 05:43:49.515 WARNING ⛔️ Error while parsing file:///root/shell/calculator_ver2.sh: syntax error
[Warn  - 오후 2:43:50] 05:43:50.386 WARNING ⛔️ Error while parsing file:///root/shell/calculator_ver2.sh: syntax error
[Warn  - 오후 2:43:50] 05:43:50.940 WARNING ⛔️ Error while parsing file:///root/shell/calculator_ver2.sh: syntax error
[Warn  - 오후 2:43:51] 05:43:51.571 WARNING ⛔️ Error while parsing file:///root/shell/calculator_ver2.sh: syntax error
[Warn  - 오후 2:43:57] 05:43:57.366 WARNING ⛔️ Error while parsing file:///root/shell/calculator_ver2.sh: syntax error
[Warn  - 오후 2:43:57] 05:43:57.515 WARNING ⛔️ Error while parsing file:///root/shell/calculator_ver2.sh: syntax error
[Warn  - 오후 2:43:58] 05:43:58.138 WARNING ⛔️ Error while parsing file:///root/shell/calculator_ver2.sh: syntax error
[Warn  - 오후 2:43:59] 05:43:59.611 WARNING ⛔️ Error while parsing file:///root/shell/calculator_ver2.sh: syntax error
[Warn  - 오후 2:44:01] 05:44:01.142 WARNING ⛔️ Error while parsing file:///root/shell/calculator_ver2.sh: syntax error
[Warn  - 오후 2:44:01] 05:44:01.439 WARNING ⛔️ Error while parsing file:///root/shell/calculator_ver2.sh: syntax error
[Warn  - 오후 2:44:02] 05:44:02.179 WARNING ⛔️ Error while parsing file:///root/shell/calculator_ver2.sh: syntax error
[Warn  - 오후 2:44:02] 05:44:02.368 WARNING ⛔️ Error while parsing file:///root/shell/calculator_ver2.sh: syntax error
[Warn  - 오후 2:44:02] 05:44:02.482 WARNING ⛔️ Error while parsing file:///root/shell/calculator_ver2.sh: syntax error
[Warn  - 오후 2:44:03] 05:44:03.658 WARNING ⛔️ Error while parsing file:///root/shell/calculator_ver2.sh: syntax error
[Warn  - 오후 2:44:04] 05:44:04.296 WARNING ⛔️ Error while parsing file:///root/shell/calculator_ver2.sh: syntax error
[Warn  - 오후 2:44:04] 05:44:04.923 WARNING ⛔️ Error while parsing file:///root/shell/calculator_ver2.sh: syntax error
[Warn  - 오후 2:44:05] 05:44:05.802 WARNING ⛔️ Error while parsing file:///root/shell/calculator_ver2.sh: syntax error
[Warn  - 오후 2:44:06] 05:44:06.962 WARNING ⛔️ Error while parsing file:///root/shell/calculator_ver2.sh: syntax error
[Warn  - 오후 2:44:07] 05:44:07.064 WARNING ⛔️ Error while parsing file:///root/shell/calculator_ver2.sh: syntax error
[Warn  - 오후 2:44:08] 05:44:08.072 WARNING ⛔️ Error while parsing file:///root/shell/calculator_ver2.sh: syntax error
[Warn  - 오후 2:44:08] 05:44:08.842 WARNING ⛔️ Error while parsing file:///root/shell/calculator_ver2.sh: syntax error
[Warn  - 오후 2:44:09] 05:44:09.613 WARNING ⛔️ Error while parsing file:///root/shell/calculator_ver2.sh: syntax error
[Warn  - 오후 2:44:46] 05:44:46.059 WARNING ⛔️ Error while parsing file:///root/shell/calculator_ver2.sh: syntax error
[Warn  - 오후 2:44:48] 05:44:48.642 WARNING ⛔️ Error while parsing file:///root/shell/calculator_ver2.sh: syntax error
[Warn  - 오후 2:45:00] 05:45:00.930 WARNING ⛔️ Error while parsing file:///root/shell/calculator_ver2.sh: syntax error
[Warn  - 오후 2:45:01] 05:45:01.280 WARNING ⛔️ Error while parsing file:///root/shell/calculator_ver2.sh: syntax error
[Warn  - 오후 2:45:04] 05:45:04.795 WARNING ⛔️ Error while parsing file:///root/shell/calculator_ver2.sh: syntax error
[Warn  - 오후 2:45:05] 05:45:05.473 WARNING ⛔️ Error while parsing file:///root/shell/calculator_ver2.sh: syntax error
[Warn  - 오후 2:45:05] 05:45:05.745 WARNING ⛔️ Error while parsing file:///root/shell/calculator_ver2.sh: syntax error
[Warn  - 오후 2:45:07] 05:45:07.576 WARNING ⛔️ Error while parsing file:///root/shell/calculator_ver2.sh: syntax error
[Warn  - 오후 2:45:08] 05:45:08.730 WARNING ⛔️ Error while parsing file:///root/shell/calculator_ver2.sh: syntax error
[Warn  - 오후 2:45:10] 05:45:10.370 WARNING ⛔️ Error while parsing file:///root/shell/calculator_ver2.sh: syntax error
[Warn  - 오후 2:45:11] 05:45:11.284 WARNING ⛔️ Error while parsing file:///root/shell/calculator_ver2.sh: syntax error
[Warn  - 오후 2:45:58] 05:45:58.422 WARNING ⛔️ Error while parsing file:///root/shell/calculator_ver2.sh: syntax error
[Warn  - 오후 2:46:00] 05:46:00.273 WARNING ⛔️ Error while parsing file:///root/shell/calculator_ver2.sh: syntax error
[Warn  - 오후 2:46:02] 05:46:02.426 WARNING ⛔️ Error while parsing file:///root/shell/calculator_ver2.sh: syntax error
[Warn  - 오후 2:46:19] 05:46:19.387 WARNING ⛔️ Error while parsing file:///root/shell/calculator_ver2.sh: syntax error
[Warn  - 오후 2:46:20] 05:46:20.124 WARNING ⛔️ Error while parsing file:///root/shell/calculator_ver2.sh: syntax error
[Warn  - 오후 2:46:20] 05:46:20.230 WARNING ⛔️ Error while parsing file:///root/shell/calculator_ver2.sh: syntax error
[Warn  - 오후 2:46:21] 05:46:21.057 WARNING ⛔️ Error while parsing file:///root/shell/calculator_ver2.sh: syntax error
[Warn  - 오후 2:46:21] 05:46:21.575 WARNING ⛔️ Error while parsing file:///root/shell/calculator_ver2.sh: syntax error
[Warn  - 오후 2:46:22] 05:46:22.498 WARNING ⛔️ Error while parsing file:///root/shell/calculator_ver2.sh: syntax error
[Warn  - 오후 2:52:14] 05:52:14.933 WARNING ⛔️ Error while parsing file:///root/shell/hosts.sh: syntax error
[Warn  - 오후 2:52:15] 05:52:15.341 WARNING ⛔️ Error while parsing file:///root/shell/hosts.sh: syntax error
[Warn  - 오후 2:52:16] 05:52:16.695 WARNING ⛔️ Error while parsing file:///root/shell/hosts.sh: syntax error
[Warn  - 오후 2:52:17] 05:52:17.083 WARNING ⛔️ Error while parsing file:///root/shell/hosts.sh: syntax error
[Warn  - 오후 2:52:17] 05:52:17.134 WARNING ⛔️ Error while parsing file:///root/shell/hosts.sh: syntax error
[Warn  - 오후 2:52:17] 05:52:17.275 WARNING ⛔️ Error while parsing file:///root/shell/hosts.sh: syntax error
[Warn  - 오후 2:52:17] 05:52:17.700 WARNING ⛔️ Error while parsing file:///root/shell/hosts.sh: syntax error
[Warn  - 오후 2:52:20] 05:52:20.045 WARNING ⛔️ Error while parsing file:///root/shell/hosts.sh: syntax error
[Warn  - 오후 2:52:20] 05:52:20.499 WARNING ⛔️ Error while parsing file:///root/shell/hosts.sh: syntax error
[Warn  - 오후 2:52:21] 05:52:21.235 WARNING ⛔️ Error while parsing file:///root/shell/hosts.sh: syntax error
[Warn  - 오후 2:52:21] 05:52:21.784 WARNING ⛔️ Error while parsing file:///root/shell/hosts.sh: syntax error
[Warn  - 오후 2:52:21] 05:52:21.934 WARNING ⛔️ Error while parsing file:///root/shell/hosts.sh: syntax error
[Warn  - 오후 2:52:22] 05:52:22.309 WARNING ⛔️ Error while parsing file:///root/shell/hosts.sh: syntax error
[Warn  - 오후 2:52:22] 05:52:22.658 WARNING ⛔️ Error while parsing file:///root/shell/hosts.sh: syntax error
[Warn  - 오후 2:52:24] 05:52:24.677 WARNING ⛔️ Error while parsing file:///root/shell/hosts.sh: syntax error
[Warn  - 오후 2:52:25] 05:52:25.288 WARNING ⛔️ Error while parsing file:///root/shell/hosts.sh: syntax error
[Warn  - 오후 2:52:25] 05:52:25.692 WARNING ⛔️ Error while parsing file:///root/shell/hosts.sh: syntax error
[Warn  - 오후 2:52:26] 05:52:26.400 WARNING ⛔️ Error while parsing file:///root/shell/hosts.sh: syntax error
[Warn  - 오후 2:52:27] 05:52:27.637 WARNING ⛔️ Error while parsing file:///root/shell/hosts.sh: syntax error
[Warn  - 오후 2:52:28] 05:52:28.262 WARNING ⛔️ Error while parsing file:///root/shell/hosts.sh: syntax error
[Warn  - 오후 2:52:28] 05:52:28.517 WARNING ⛔️ Error while parsing file:///root/shell/hosts.sh: syntax error
[Warn  - 오후 2:52:28] 05:52:28.869 WARNING ⛔️ Error while parsing file:///root/shell/hosts.sh: syntax error
[Warn  - 오후 2:52:29] 05:52:29.296 WARNING ⛔️ Error while parsing file:///root/shell/hosts.sh: syntax error
[Warn  - 오후 2:52:29] 05:52:29.582 WARNING ⛔️ Error while parsing file:///root/shell/hosts.sh: syntax error
[Warn  - 오후 2:52:29] 05:52:29.798 WARNING ⛔️ Error while parsing file:///root/shell/hosts.sh: syntax error
[Warn  - 오후 2:52:29] 05:52:29.936 WARNING ⛔️ Error while parsing file:///root/shell/hosts.sh: syntax error
[Warn  - 오후 2:52:30] 05:52:30.085 WARNING ⛔️ Error while parsing file:///root/shell/hosts.sh: syntax error
[Warn  - 오후 2:53:46] 05:53:46.754 WARNING ⛔️ Error while parsing file:///root/shell/hosts.sh: syntax error
[Warn  - 오후 2:53:47] 05:53:47.339 WARNING ⛔️ Error while parsing file:///root/shell/hosts.sh: syntax error
[Warn  - 오후 2:53:49] 05:53:49.940 WARNING ⛔️ Error while parsing file:///root/shell/hosts.sh: syntax error
[Warn  - 오후 3:00:14] 06:00:14.671 WARNING ⛔️ Error while parsing file:///root/shell/hosts2.sh: syntax error
[Warn  - 오후 3:00:18] 06:00:18.110 WARNING ⛔️ Error while parsing file:///root/shell/hosts2.sh: syntax error
[Warn  - 오후 3:00:32] 06:00:32.189 WARNING ⛔️ Error while parsing file:///root/shell/hosts2.sh: syntax error
[Warn  - 오후 3:02:05] 06:02:05.428 WARNING ⛔️ Error while parsing file:///root/shell/hosts2.sh: syntax error
[Warn  - 오후 3:02:05] 06:02:05.806 WARNING ⛔️ Error while parsing file:///root/shell/hosts2.sh: syntax error
[Warn  - 오후 3:02:08] 06:02:08.030 WARNING ⛔️ Error while parsing file:///root/shell/hosts2.sh: syntax error
[Warn  - 오후 3:02:10] 06:02:10.095 WARNING ⛔️ Error while parsing file:///root/shell/hosts2.sh: syntax error
[Warn  - 오후 3:02:11] 06:02:11.066 WARNING ⛔️ Error while parsing file:///root/shell/hosts2.sh: syntax error
[Warn  - 오후 3:02:11] 06:02:11.421 WARNING ⛔️ Error while parsing file:///root/shell/hosts2.sh: syntax error
[Warn  - 오후 3:02:13] 06:02:13.750 WARNING ⛔️ Error while parsing file:///root/shell/hosts2.sh: syntax error
[Warn  - 오후 3:02:14] 06:02:14.576 WARNING ⛔️ Error while parsing file:///root/shell/hosts2.sh: syntax error
[Warn  - 오후 3:02:14] 06:02:14.841 WARNING ⛔️ Error while parsing file:///root/shell/hosts2.sh: syntax error
[Warn  - 오후 3:02:15] 06:02:15.319 WARNING ⛔️ Error while parsing file:///root/shell/hosts2.sh: syntax error
[Warn  - 오후 3:02:16] 06:02:16.742 WARNING ⛔️ Error while parsing file:///root/shell/hosts2.sh: syntax error
[Warn  - 오후 3:02:18] 06:02:18.455 WARNING ⛔️ Error while parsing file:///root/shell/hosts2.sh: syntax error
[Warn  - 오후 3:02:18] 06:02:18.781 WARNING ⛔️ Error while parsing file:///root/shell/hosts2.sh: syntax error
[Warn  - 오후 3:02:19] 06:02:19.445 WARNING ⛔️ Error while parsing file:///root/shell/hosts2.sh: syntax error
[Warn  - 오후 3:02:20] 06:02:20.303 WARNING ⛔️ Error while parsing file:///root/shell/hosts2.sh: syntax error
[Warn  - 오후 3:02:22] 06:02:22.997 WARNING ⛔️ Error while parsing file:///root/shell/hosts2.sh: syntax error
[Warn  - 오후 3:02:23] 06:02:23.127 WARNING ⛔️ Error while parsing file:///root/shell/hosts2.sh: syntax error
[Warn  - 오후 3:02:23] 06:02:23.248 WARNING ⛔️ Error while parsing file:///root/shell/hosts2.sh: syntax error
[Warn  - 오후 3:02:23] 06:02:23.799 WARNING ⛔️ Error while parsing file:///root/shell/hosts2.sh: syntax error
[Warn  - 오후 3:02:24] 06:02:24.590 WARNING ⛔️ Error while parsing file:///root/shell/hosts2.sh: syntax error
[Warn  - 오후 3:02:25] 06:02:25.464 WARNING ⛔️ Error while parsing file:///root/shell/hosts2.sh: syntax error
[Warn  - 오후 3:02:26] 06:02:26.493 WARNING ⛔️ Error while parsing file:///root/shell/hosts2.sh: syntax error
[Warn  - 오후 3:02:26] 06:02:26.630 WARNING ⛔️ Error while parsing file:///root/shell/hosts2.sh: syntax error
[Warn  - 오후 3:03:03] 06:03:03.971 WARNING ⛔️ Error while parsing file:///root/shell/hosts2.sh: syntax error
[Warn  - 오후 3:03:04] 06:03:04.679 WARNING ⛔️ Error while parsing file:///root/shell/hosts2.sh: syntax error
[Warn  - 오후 3:03:04] 06:03:04.785 WARNING ⛔️ Error while parsing file:///root/shell/hosts2.sh: syntax error
[Warn  - 오후 3:03:06] 06:03:06.169 WARNING ⛔️ Error while parsing file:///root/shell/hosts2.sh: syntax error
[Warn  - 오후 3:03:06] 06:03:06.620 WARNING ⛔️ Error while parsing file:///root/shell/hosts2.sh: syntax error
[Warn  - 오후 3:18:54] 06:18:54.514 WARNING ⛔️ Error while parsing file:///root/shell/useradd.sh: syntax error
[Warn  - 오후 3:18:55] 06:18:55.962 WARNING ⛔️ Error while parsing file:///root/shell/useradd.sh: syntax error
[Warn  - 오후 3:18:59] 06:18:59.268 WARNING ⛔️ Error while parsing file:///root/shell/useradd.sh: syntax error
[Warn  - 오후 3:18:59] 06:18:59.369 WARNING ⛔️ Error while parsing file:///root/shell/useradd.sh: syntax error
[Warn  - 오후 3:19:00] 06:19:00.075 WARNING ⛔️ Error while parsing file:///root/shell/useradd.sh: syntax error
[Warn  - 오후 3:19:43] 06:19:43.499 WARNING ⛔️ Error while parsing file:///root/shell/useradd.sh: syntax error
[Warn  - 오후 3:19:44] 06:19:44.667 WARNING ⛔️ Error while parsing file:///root/shell/useradd.sh: syntax error
[Warn  - 오후 3:19:45] 06:19:45.546 WARNING ⛔️ Error while parsing file:///root/shell/useradd.sh: syntax error
[Warn  - 오후 3:19:46] 06:19:46.426 WARNING ⛔️ Error while parsing file:///root/shell/useradd.sh: syntax error
[Warn  - 오후 3:19:46] 06:19:46.527 WARNING ⛔️ Error while parsing file:///root/shell/useradd.sh: syntax error
[Warn  - 오후 3:19:47] 06:19:47.226 WARNING ⛔️ Error while parsing file:///root/shell/useradd.sh: syntax error
[Warn  - 오후 3:19:48] 06:19:48.314 WARNING ⛔️ Error while parsing file:///root/shell/useradd.sh: syntax error
[Warn  - 오후 3:19:49] 06:19:49.137 WARNING ⛔️ Error while parsing file:///root/shell/useradd.sh: syntax error
[Warn  - 오후 3:19:49] 06:19:49.248 WARNING ⛔️ Error while parsing file:///root/shell/useradd.sh: syntax error
[Warn  - 오후 3:19:49] 06:19:49.924 WARNING ⛔️ Error while parsing file:///root/shell/useradd.sh: syntax error
[Warn  - 오후 3:19:50] 06:19:50.419 WARNING ⛔️ Error while parsing file:///root/shell/useradd.sh: syntax error
[Warn  - 오후 3:19:50] 06:19:50.807 WARNING ⛔️ Error while parsing file:///root/shell/useradd.sh: syntax error
[Warn  - 오후 3:19:50] 06:19:50.904 WARNING ⛔️ Error while parsing file:///root/shell/useradd.sh: syntax error
[Warn  - 오후 3:19:51] 06:19:51.074 WARNING ⛔️ Error while parsing file:///root/shell/useradd.sh: syntax error
[Warn  - 오후 3:22:38] 06:22:38.881 WARNING ⛔️ Error while parsing file:///root/shell/useradd.sh: syntax error
[Warn  - 오후 3:23:01] 06:23:01.464 WARNING ⛔️ Error while parsing file:///root/shell/useradd.sh: syntax error
[Warn  - 오후 3:23:02] 06:23:02.593 WARNING ⛔️ Error while parsing file:///root/shell/useradd.sh: syntax error
[Warn  - 오후 3:23:04] 06:23:04.305 WARNING ⛔️ Error while parsing file:///root/shell/useradd.sh: syntax error
[Warn  - 오후 3:25:55] 06:25:55.879 WARNING ⛔️ Error while parsing file:///root/shell/add_userlist.sh: syntax error
[Warn  - 오후 3:25:56] 06:25:56.856 WARNING ⛔️ Error while parsing file:///root/shell/add_userlist.sh: syntax error
[Warn  - 오후 3:25:57] 06:25:57.454 WARNING ⛔️ Error while parsing file:///root/shell/add_userlist.sh: syntax error
[Warn  - 오후 3:26:02] 06:26:02.225 WARNING ⛔️ Error while parsing file:///root/shell/add_userlist.sh: syntax error
[Warn  - 오후 3:26:02] 06:26:02.638 WARNING ⛔️ Error while parsing file:///root/shell/add_userlist.sh: syntax error
[Warn  - 오후 3:26:02] 06:26:02.823 WARNING ⛔️ Error while parsing file:///root/shell/add_userlist.sh: syntax error
[Warn  - 오후 3:26:03] 06:26:03.886 WARNING ⛔️ Error while parsing file:///root/shell/add_userlist.sh: syntax error
[Warn  - 오후 3:26:03] 06:26:03.966 WARNING ⛔️ Error while parsing file:///root/shell/add_userlist.sh: syntax error
[Warn  - 오후 3:26:04] 06:26:04.103 WARNING ⛔️ Error while parsing file:///root/shell/add_userlist.sh: syntax error
[Warn  - 오후 3:26:05] 06:26:05.142 WARNING ⛔️ Error while parsing file:///root/shell/add_userlist.sh: syntax error
[Warn  - 오후 3:26:05] 06:26:05.741 WARNING ⛔️ Error while parsing file:///root/shell/add_userlist.sh: syntax error
[Warn  - 오후 3:26:07] 06:26:07.305 WARNING ⛔️ Error while parsing file:///root/shell/add_userlist.sh: syntax error
[Warn  - 오후 3:26:07] 06:26:07.651 WARNING ⛔️ Error while parsing file:///root/shell/add_userlist.sh: syntax error
[Warn  - 오후 3:26:07] 06:26:07.760 WARNING ⛔️ Error while parsing file:///root/shell/add_userlist.sh: syntax error
[Warn  - 오후 3:26:08] 06:26:08.029 WARNING ⛔️ Error while parsing file:///root/shell/add_userlist.sh: syntax error
[Warn  - 오후 3:26:08] 06:26:08.886 WARNING ⛔️ Error while parsing file:///root/shell/add_userlist.sh: syntax error
[Warn  - 오후 3:26:10] 06:26:10.583 WARNING ⛔️ Error while parsing file:///root/shell/add_userlist.sh: syntax error
[Warn  - 오후 3:26:11] 06:26:11.774 WARNING ⛔️ Error while parsing file:///root/shell/add_userlist.sh: syntax error
[Warn  - 오후 3:26:12] 06:26:12.070 WARNING ⛔️ Error while parsing file:///root/shell/add_userlist.sh: syntax error
[Warn  - 오후 3:26:12] 06:26:12.192 WARNING ⛔️ Error while parsing file:///root/shell/add_userlist.sh: syntax error
[Warn  - 오후 3:26:12] 06:26:12.426 WARNING ⛔️ Error while parsing file:///root/shell/add_userlist.sh: syntax error
[Warn  - 오후 3:26:13] 06:26:13.007 WARNING ⛔️ Error while parsing file:///root/shell/add_userlist.sh: syntax error
[Warn  - 오후 3:26:13] 06:26:13.031 WARNING ⛔️ Error while parsing file:///root/shell/add_userlist.sh: syntax error
[Warn  - 오후 3:26:13] 06:26:13.135 WARNING ⛔️ Error while parsing file:///root/shell/add_userlist.sh: syntax error
[Warn  - 오후 3:26:13] 06:26:13.278 WARNING ⛔️ Error while parsing file:///root/shell/add_userlist.sh: syntax error
[Warn  - 오후 3:26:43] 06:26:43.485 WARNING ⛔️ Error while parsing file:///root/shell/add_userlist.sh: syntax error
[Warn  - 오후 3:26:44] 06:26:44.044 WARNING ⛔️ Error while parsing file:///root/shell/add_userlist.sh: syntax error
[Warn  - 오후 3:26:45] 06:26:45.431 WARNING ⛔️ Error while parsing file:///root/shell/add_userlist.sh: syntax error
[Warn  - 오후 3:29:37] 06:29:37.869 WARNING ⛔️ Error while parsing file:///root/shell/userdel.sh: syntax error
[Warn  - 오후 3:29:41] 06:29:41.949 WARNING ⛔️ Error while parsing file:///root/shell/userdel.sh: syntax error
[Warn  - 오후 3:29:42] 06:29:42.545 WARNING ⛔️ Error while parsing file:///root/shell/userdel.sh: syntax error
[Warn  - 오후 3:29:42] 06:29:42.971 WARNING ⛔️ Error while parsing file:///root/shell/userdel.sh: syntax error
[Warn  - 오후 3:29:47] 06:29:47.789 WARNING ⛔️ Error while parsing file:///root/shell/userdel.sh: syntax error
[Warn  - 오후 3:29:48] 06:29:48.389 WARNING ⛔️ Error while parsing file:///root/shell/userdel.sh: syntax error
[Warn  - 오후 3:30:03] 06:30:03.891 WARNING ⛔️ Error while parsing file:///root/shell/userdel.sh: syntax error
[Warn  - 오후 3:30:04] 06:30:04.748 WARNING ⛔️ Error while parsing file:///root/shell/userdel.sh: syntax error
[Warn  - 오후 3:30:07] 06:30:07.266 WARNING ⛔️ Error while parsing file:///root/shell/userdel.sh: syntax error
[Warn  - 오후 3:30:20] 06:30:20.579 WARNING ⛔️ Error while parsing file:///root/shell/userdel.sh: syntax error
[Warn  - 오후 3:35:27] 06:35:27.114 WARNING ⛔️ Error while parsing file:///root/shell/user_admin.sh: syntax error
[Warn  - 오후 3:35:34] 06:35:34.327 WARNING ⛔️ Error while parsing file:///root/shell/user_admin.sh: syntax error
[Warn  - 오후 3:35:35] 06:35:35.608 WARNING ⛔️ Error while parsing file:///root/shell/user_admin.sh: syntax error
[Warn  - 오후 3:35:36] 06:35:36.598 WARNING ⛔️ Error while parsing file:///root/shell/user_admin.sh: syntax error
[Warn  - 오후 3:35:37] 06:35:37.193 WARNING ⛔️ Error while parsing file:///root/shell/user_admin.sh: syntax error
[Warn  - 오후 3:35:38] 06:35:38.178 WARNING ⛔️ Error while parsing file:///root/shell/user_admin.sh: syntax error
[Warn  - 오후 3:35:39] 06:35:39.527 WARNING ⛔️ Error while parsing file:///root/shell/user_admin.sh: syntax error
[Warn  - 오후 3:36:13] 06:36:13.783 WARNING ⛔️ Error while parsing file:///root/shell/user_admin.sh: syntax error
[Warn  - 오후 3:36:14] 06:36:14.703 WARNING ⛔️ Error while parsing file:///root/shell/user_admin.sh: syntax error
[Warn  - 오후 3:36:15] 06:36:15.112 WARNING ⛔️ Error while parsing file:///root/shell/user_admin.sh: syntax error
[Warn  - 오후 3:36:16] 06:36:16.735 WARNING ⛔️ Error while parsing file:///root/shell/user_admin.sh: syntax error
[Warn  - 오후 3:36:17] 06:36:17.885 WARNING ⛔️ Error while parsing file:///root/shell/user_admin.sh: syntax error
[Warn  - 오후 3:37:58] 06:37:58.318 WARNING ⛔️ Error while parsing file:///root/shell/user_admin.sh: syntax error
[Warn  - 오후 3:37:59] 06:37:59.574 WARNING ⛔️ Error while parsing file:///root/shell/user_admin.sh: syntax error
[Warn  - 오후 3:38:00] 06:38:00.795 WARNING ⛔️ Error while parsing file:///root/shell/user_admin.sh: syntax error
[Warn  - 오후 3:38:00] 06:38:00.995 WARNING ⛔️ Error while parsing file:///root/shell/user_admin.sh: syntax error
[Warn  - 오후 3:38:01] 06:38:01.471 WARNING ⛔️ Error while parsing file:///root/shell/user_admin.sh: syntax error
[Warn  - 오후 3:38:02] 06:38:02.367 WARNING ⛔️ Error while parsing file:///root/shell/user_admin.sh: syntax error
[Warn  - 오후 3:38:02] 06:38:02.759 WARNING ⛔️ Error while parsing file:///root/shell/user_admin.sh: syntax error
[Warn  - 오후 3:38:02] 06:38:02.891 WARNING ⛔️ Error while parsing file:///root/shell/user_admin.sh: syntax error
[Warn  - 오후 3:38:03] 06:38:03.240 WARNING ⛔️ Error while parsing file:///root/shell/user_admin.sh: syntax error
[Warn  - 오후 3:38:03] 06:38:03.983 WARNING ⛔️ Error while parsing file:///root/shell/user_admin.sh: syntax error
[Warn  - 오후 3:38:04] 06:38:04.558 WARNING ⛔️ Error while parsing file:///root/shell/user_admin.sh: syntax error
[Warn  - 오후 3:38:15] 06:38:15.823 WARNING ⛔️ Error while parsing file:///root/shell/user_admin.sh: syntax error
[Warn  - 오후 3:38:17] 06:38:17.333 WARNING ⛔️ Error while parsing file:///root/shell/user_admin.sh: syntax error
[Warn  - 오후 3:38:17] 06:38:17.819 WARNING ⛔️ Error while parsing file:///root/shell/user_admin.sh: syntax error
[Warn  - 오후 3:38:18] 06:38:18.333 WARNING ⛔️ Error while parsing file:///root/shell/user_admin.sh: syntax error
[Warn  - 오후 3:38:18] 06:38:18.436 WARNING ⛔️ Error while parsing file:///root/shell/user_admin.sh: syntax error
[Warn  - 오후 3:38:18] 06:38:18.919 WARNING ⛔️ Error while parsing file:///root/shell/user_admin.sh: syntax error
[Warn  - 오후 3:38:19] 06:38:19.409 WARNING ⛔️ Error while parsing file:///root/shell/user_admin.sh: syntax error
[Warn  - 오후 3:38:19] 06:38:19.509 WARNING ⛔️ Error while parsing file:///root/shell/user_admin.sh: syntax error
[Warn  - 오후 3:38:21] 06:38:21.151 WARNING ⛔️ Error while parsing file:///root/shell/user_admin.sh: syntax error
[Warn  - 오후 3:38:21] 06:38:21.863 WARNING ⛔️ Error while parsing file:///root/shell/user_admin.sh: syntax error
[Warn  - 오후 3:38:23] 06:38:23.981 WARNING ⛔️ Error while parsing file:///root/shell/user_admin.sh: syntax error
[Warn  - 오후 3:38:30] 06:38:30.646 WARNING ⛔️ Error while parsing file:///root/shell/user_admin.sh: syntax error
[Warn  - 오후 3:38:31] 06:38:31.529 WARNING ⛔️ Error while parsing file:///root/shell/user_admin.sh: syntax error
[Warn  - 오후 3:38:32] 06:38:32.895 WARNING ⛔️ Error while parsing file:///root/shell/user_admin.sh: syntax error
[Warn  - 오후 3:38:33] 06:38:33.486 WARNING ⛔️ Error while parsing file:///root/shell/user_admin.sh: syntax error
[Warn  - 오후 3:38:36] 06:38:36.745 WARNING ⛔️ Error while parsing file:///root/shell/user_admin.sh: syntax error
[Warn  - 오후 3:38:37] 06:38:37.207 WARNING ⛔️ Error while parsing file:///root/shell/user_admin.sh: syntax error
[Warn  - 오후 3:42:31] 06:42:31.755 WARNING ⛔️ Error while parsing file:///root/shell/user_admin.sh: syntax error
[Warn  - 오후 3:42:33] 06:42:33.323 WARNING ⛔️ Error while parsing file:///root/shell/user_admin.sh: syntax error
[Warn  - 오후 3:42:42] 06:42:42.530 WARNING ⛔️ Error while parsing file:///root/shell/user_admin.sh: syntax error
[Warn  - 오후 3:45:47] 06:45:47.085 WARNING ⛔️ Error while parsing file:///root/shell/user_admin.sh: syntax error
[Warn  - 오후 3:46:51] 06:46:51.792 WARNING ⛔️ Error while parsing file:///root/shell/user_admin.sh: syntax error
[Warn  - 오후 3:46:52] 06:46:52.951 WARNING ⛔️ Error while parsing file:///root/shell/user_admin.sh: syntax error
[Warn  - 오후 3:46:53] 06:46:53.945 WARNING ⛔️ Error while parsing file:///root/shell/user_admin.sh: syntax error
[Warn  - 오후 3:46:54] 06:46:54.330 WARNING ⛔️ Error while parsing file:///root/shell/user_admin.sh: syntax error
[Warn  - 오후 3:46:55] 06:46:55.312 WARNING ⛔️ Error while parsing file:///root/shell/user_admin.sh: syntax error
[Warn  - 오후 3:46:56] 06:46:56.280 WARNING ⛔️ Error while parsing file:///root/shell/user_admin.sh: syntax error
[Warn  - 오후 3:46:56] 06:46:56.937 WARNING ⛔️ Error while parsing file:///root/shell/user_admin.sh: syntax error
[Warn  - 오후 3:46:57] 06:46:57.199 WARNING ⛔️ Error while parsing file:///root/shell/user_admin.sh: syntax error
[Warn  - 오후 3:46:57] 06:46:57.726 WARNING ⛔️ Error while parsing file:///root/shell/user_admin.sh: syntax error
[Warn  - 오후 3:47:28] 06:47:28.375 WARNING ⛔️ Error while parsing file:///root/shell/user_admin.sh: syntax error
[Warn  - 오후 3:47:31] 06:47:31.118 WARNING ⛔️ Error while parsing file:///root/shell/user_admin.sh: syntax error
[Warn  - 오후 3:47:32] 06:47:32.671 WARNING ⛔️ Error while parsing file:///root/shell/user_admin.sh: syntax error
[Warn  - 오후 3:49:26] 06:49:26.047 WARNING ⛔️ Error while parsing file:///root/shell/user_admin.sh: syntax error
[Warn  - 오후 3:49:46] 06:49:46.437 WARNING ⛔️ Error while parsing file:///root/shell/user_admin.sh: syntax error
[Warn  - 오후 3:49:46] 06:49:46.718 WARNING ⛔️ Error while parsing file:///root/shell/user_admin.sh: syntax error
[Warn  - 오후 3:49:50] 06:49:50.350 WARNING ⛔️ Error while parsing file:///root/shell/user_admin.sh: syntax error
[Warn  - 오후 3:49:50] 06:49:50.821 WARNING ⛔️ Error while parsing file:///root/shell/user_admin.sh: syntax error
[Warn  - 오후 3:51:45] 06:51:45.886 WARNING ⛔️ Error while parsing file:///root/bin/poweroff.sh: syntax error
[Warn  - 오후 3:51:46] 06:51:46.239 WARNING ⛔️ Error while parsing file:///root/bin/poweroff.sh: syntax error
[Warn  - 오후 3:51:46] 06:51:46.630 WARNING ⛔️ Error while parsing file:///root/bin/poweroff.sh: syntax error
[Warn  - 오후 3:51:46] 06:51:46.964 WARNING ⛔️ Error while parsing file:///root/bin/poweroff.sh: syntax error
[Warn  - 오후 3:51:47] 06:51:47.102 WARNING ⛔️ Error while parsing file:///root/bin/poweroff.sh: syntax error
[Warn  - 오후 3:51:47] 06:51:47.501 WARNING ⛔️ Error while parsing file:///root/bin/poweroff.sh: syntax error
[Warn  - 오후 3:51:48] 06:51:48.469 WARNING ⛔️ Error while parsing file:///root/bin/poweroff.sh: syntax error
[Warn  - 오후 3:51:49] 06:51:49.134 WARNING ⛔️ Error while parsing file:///root/bin/poweroff.sh: syntax error
[Warn  - 오후 3:51:50] 06:51:50.589 WARNING ⛔️ Error while parsing file:///root/bin/poweroff.sh: syntax error
[Warn  - 오후 3:51:51] 06:51:51.013 WARNING ⛔️ Error while parsing file:///root/bin/poweroff.sh: syntax error
[Warn  - 오후 3:51:52] 06:51:52.037 WARNING ⛔️ Error while parsing file:///root/bin/poweroff.sh: syntax error
[Warn  - 오후 3:51:53] 06:51:53.872 WARNING ⛔️ Error while parsing file:///root/bin/poweroff.sh: syntax error
[Warn  - 오후 3:51:54] 06:51:54.469 WARNING ⛔️ Error while parsing file:///root/bin/poweroff.sh: syntax error
[Warn  - 오후 3:51:54] 06:51:54.974 WARNING ⛔️ Error while parsing file:///root/bin/poweroff.sh: syntax error
[Warn  - 오후 3:51:55] 06:51:55.837 WARNING ⛔️ Error while parsing file:///root/bin/poweroff.sh: syntax error
[Warn  - 오후 3:51:55] 06:51:55.943 WARNING ⛔️ Error while parsing file:///root/bin/poweroff.sh: syntax error
[Warn  - 오후 3:51:56] 06:51:56.924 WARNING ⛔️ Error while parsing file:///root/bin/poweroff.sh: syntax error
[Warn  - 오후 3:51:57] 06:51:57.614 WARNING ⛔️ Error while parsing file:///root/bin/poweroff.sh: syntax error
[Warn  - 오후 3:51:58] 06:51:58.348 WARNING ⛔️ Error while parsing file:///root/bin/poweroff.sh: syntax error
[Warn  - 오후 3:51:59] 06:51:59.173 WARNING ⛔️ Error while parsing file:///root/bin/poweroff.sh: syntax error
[Warn  - 오후 3:51:59] 06:51:59.469 WARNING ⛔️ Error while parsing file:///root/bin/poweroff.sh: syntax error
[Warn  - 오후 3:52:00] 06:52:00.718 WARNING ⛔️ Error while parsing file:///root/bin/poweroff.sh: syntax error
[Warn  - 오후 3:52:01] 06:52:01.565 WARNING ⛔️ Error while parsing file:///root/bin/poweroff.sh: syntax error
[Warn  - 오후 3:52:01] 06:52:01.997 WARNING ⛔️ Error while parsing file:///root/bin/poweroff.sh: syntax error
[Warn  - 오후 3:52:02] 06:52:02.437 WARNING ⛔️ Error while parsing file:///root/bin/poweroff.sh: syntax error
[Warn  - 오후 3:52:02] 06:52:02.536 WARNING ⛔️ Error while parsing file:///root/bin/poweroff.sh: syntax error
[Warn  - 오후 3:52:02] 06:52:02.878 WARNING ⛔️ Error while parsing file:///root/bin/poweroff.sh: syntax error
[Warn  - 오후 3:52:06] 06:52:06.421 WARNING ⛔️ Error while parsing file:///root/bin/poweroff.sh: syntax error
[Warn  - 오후 3:52:06] 06:52:06.749 WARNING ⛔️ Error while parsing file:///root/bin/poweroff.sh: syntax error
[Warn  - 오후 3:52:06] 06:52:06.857 WARNING ⛔️ Error while parsing file:///root/bin/poweroff.sh: syntax error
[Warn  - 오후 3:52:07] 06:52:07.205 WARNING ⛔️ Error while parsing file:///root/bin/poweroff.sh: syntax error
[Warn  - 오후 3:52:07] 06:52:07.606 WARNING ⛔️ Error while parsing file:///root/bin/poweroff.sh: syntax error
[Warn  - 오후 3:52:07] 06:52:07.872 WARNING ⛔️ Error while parsing file:///root/bin/poweroff.sh: syntax error
[Warn  - 오후 3:52:08] 06:52:08.652 WARNING ⛔️ Error while parsing file:///root/bin/poweroff.sh: syntax error
[Warn  - 오후 3:52:09] 06:52:09.101 WARNING ⛔️ Error while parsing file:///root/bin/poweroff.sh: syntax error
[Warn  - 오후 3:52:09] 06:52:09.178 WARNING ⛔️ Error while parsing file:///root/bin/poweroff.sh: syntax error
[Warn  - 오후 3:52:09] 06:52:09.326 WARNING ⛔️ Error while parsing file:///root/bin/poweroff.sh: syntax error
