[Warn  - 오전 9:40:07] 00:40:07.561 WARNING ⛔️ Environment variable configuration is being deprecated, please use workspace configuration. The following environment variables were used: shfmt
[Info  - 오전 9:40:07] 00:40:07.573 INFO BackgroundAnalysis: resolving glob "**/*@(.sh|.inc|.bash|.command)" inside "file:///root/scripts"...
[Info  - 오전 9:40:07] 00:40:07.597 INFO BackgroundAnalysis: Glob resolved with 13 files after 0.023 seconds
[Info  - 오전 9:40:07] 00:40:07.611 INFO BackgroundAnalysis: Completed after 0.037 seconds.
[Warn  - 오전 9:40:08] 00:40:08.078 WARNING ⛔️ ShellCheck: disabling linting as no executable was found at path 'shellcheck'
[Warn  - 오전 9:49:59] 00:49:59.838 WARNING ⛔️ Error while parsing file:///root/scripts/for.sh: syntax error
[Warn  - 오전 9:50:00] 00:50:00.215 WARNING ⛔️ Error while parsing file:///root/scripts/for.sh: syntax error
[Warn  - 오전 9:50:00] 00:50:00.860 WARNING ⛔️ Error while parsing file:///root/scripts/for.sh: syntax error
[Warn  - 오전 9:50:01] 00:50:01.817 WARNING ⛔️ Error while parsing file:///root/scripts/for.sh: syntax error
[Warn  - 오전 9:50:02] 00:50:02.088 WARNING ⛔️ Error while parsing file:///root/scripts/for.sh: syntax error
[Warn  - 오전 9:50:02] 00:50:02.735 WARNING ⛔️ Error while parsing file:///root/scripts/for.sh: syntax error
[Warn  - 오전 9:50:02] 00:50:02.874 WARNING ⛔️ Error while parsing file:///root/scripts/for.sh: syntax error
[Warn  - 오전 9:50:03] 00:50:03.019 WARNING ⛔️ Error while parsing file:///root/scripts/for.sh: syntax error
[Warn  - 오전 9:50:03] 00:50:03.401 WARNING ⛔️ Error while parsing file:///root/scripts/for.sh: syntax error
[Warn  - 오전 9:50:03] 00:50:03.505 WARNING ⛔️ Error while parsing file:///root/scripts/for.sh: syntax error
[Warn  - 오전 9:50:04] 00:50:04.168 WARNING ⛔️ Error while parsing file:///root/scripts/for.sh: syntax error
[Warn  - 오전 9:50:04] 00:50:04.897 WARNING ⛔️ Error while parsing file:///root/scripts/for.sh: syntax error
[Warn  - 오전 9:50:05] 00:50:05.176 WARNING ⛔️ Error while parsing file:///root/scripts/for.sh: syntax error
[Warn  - 오전 9:50:05] 00:50:05.471 WARNING ⛔️ Error while parsing file:///root/scripts/for.sh: syntax error
[Warn  - 오전 9:50:05] 00:50:05.574 WARNING ⛔️ Error while parsing file:///root/scripts/for.sh: syntax error
[Warn  - 오전 9:50:06] 00:50:06.736 WARNING ⛔️ Error while parsing file:///root/scripts/for.sh: syntax error
[Warn  - 오전 9:50:07] 00:50:07.170 WARNING ⛔️ Error while parsing file:///root/scripts/for.sh: syntax error
[Warn  - 오전 9:50:08] 00:50:08.066 WARNING ⛔️ Error while parsing file:///root/scripts/for.sh: syntax error
[Warn  - 오전 9:50:08] 00:50:08.927 WARNING ⛔️ Error while parsing file:///root/scripts/for.sh: syntax error
[Warn  - 오전 9:50:10] 00:50:10.074 WARNING ⛔️ Error while parsing file:///root/scripts/for.sh: syntax error
[Warn  - 오전 9:50:10] 00:50:10.571 WARNING ⛔️ Error while parsing file:///root/scripts/for.sh: syntax error
[Warn  - 오전 9:50:10] 00:50:10.674 WARNING ⛔️ Error while parsing file:///root/scripts/for.sh: syntax error
[Warn  - 오전 9:50:11] 00:50:11.778 WARNING ⛔️ Error while parsing file:///root/scripts/for.sh: syntax error
[Warn  - 오전 9:50:11] 00:50:11.879 WARNING ⛔️ Error while parsing file:///root/scripts/for.sh: syntax error
[Warn  - 오전 9:50:12] 00:50:12.334 WARNING ⛔️ Error while parsing file:///root/scripts/for.sh: syntax error
[Warn  - 오전 9:50:13] 00:50:13.150 WARNING ⛔️ Error while parsing file:///root/scripts/for.sh: syntax error
[Warn  - 오전 9:50:13] 00:50:13.512 WARNING ⛔️ Error while parsing file:///root/scripts/for.sh: syntax error
[Warn  - 오전 9:50:13] 00:50:13.713 WARNING ⛔️ Error while parsing file:///root/scripts/for.sh: syntax error
[Warn  - 오전 9:50:13] 00:50:13.841 WARNING ⛔️ Error while parsing file:///root/scripts/for.sh: syntax error
[Warn  - 오전 9:50:14] 00:50:14.041 WARNING ⛔️ Error while parsing file:///root/scripts/for.sh: syntax error
[Warn  - 오전 9:50:15] 00:50:15.822 WARNING ⛔️ Error while parsing file:///root/scripts/for.sh: syntax error
[Warn  - 오전 9:50:17] 00:50:17.007 WARNING ⛔️ Error while parsing file:///root/scripts/for.sh: syntax error
[Warn  - 오전 9:50:17] 00:50:17.994 WARNING ⛔️ Error while parsing file:///root/scripts/for.sh: syntax error
[Warn  - 오전 9:50:18] 00:50:18.453 WARNING ⛔️ Error while parsing file:///root/scripts/for.sh: syntax error
[Warn  - 오전 9:50:18] 00:50:18.802 WARNING ⛔️ Error while parsing file:///root/scripts/for.sh: syntax error
[Warn  - 오전 9:50:18] 00:50:18.863 WARNING ⛔️ Error while parsing file:///root/scripts/for.sh: syntax error
[Warn  - 오전 9:50:18] 00:50:18.969 WARNING ⛔️ Error while parsing file:///root/scripts/for.sh: syntax error
[Warn  - 오전 9:52:45] 00:52:45.287 WARNING ⛔️ Error while parsing file:///root/scripts/for.sh: syntax error
[Warn  - 오전 9:52:47] 00:52:47.381 WARNING ⛔️ Error while parsing file:///root/scripts/for.sh: syntax error
[Warn  - 오전 9:52:48] 00:52:48.005 WARNING ⛔️ Error while parsing file:///root/scripts/for.sh: syntax error
[Warn  - 오전 9:57:01] 00:57:01.064 WARNING ⛔️ Error while parsing file:///root/scripts/cat_file.sh: syntax error
[Warn  - 오전 9:57:01] 00:57:01.495 WARNING ⛔️ Error while parsing file:///root/scripts/cat_file.sh: syntax error
[Warn  - 오전 9:57:06] 00:57:06.811 WARNING ⛔️ Error while parsing file:///root/scripts/cat_file.sh: syntax error
[Warn  - 오전 9:57:07] 00:57:07.125 WARNING ⛔️ Error while parsing file:///root/scripts/cat_file.sh: syntax error
[Warn  - 오전 9:57:07] 00:57:07.305 WARNING ⛔️ Error while parsing file:///root/scripts/cat_file.sh: syntax error
[Warn  - 오전 9:57:07] 00:57:07.508 WARNING ⛔️ Error while parsing file:///root/scripts/cat_file.sh: syntax error
[Warn  - 오전 9:57:07] 00:57:07.639 WARNING ⛔️ Error while parsing file:///root/scripts/cat_file.sh: syntax error
[Warn  - 오전 9:57:09] 00:57:09.044 WARNING ⛔️ Error while parsing file:///root/scripts/cat_file.sh: syntax error
[Warn  - 오전 9:57:09] 00:57:09.293 WARNING ⛔️ Error while parsing file:///root/scripts/cat_file.sh: syntax error
[Warn  - 오전 9:57:10] 00:57:10.354 WARNING ⛔️ Error while parsing file:///root/scripts/cat_file.sh: syntax error
[Warn  - 오전 9:57:14] 00:57:14.106 WARNING ⛔️ Error while parsing file:///root/scripts/cat_file.sh: syntax error
[Warn  - 오전 9:57:15] 00:57:15.830 WARNING ⛔️ Error while parsing file:///root/scripts/cat_file.sh: syntax error
[Warn  - 오전 9:57:17] 00:57:17.364 WARNING ⛔️ Error while parsing file:///root/scripts/cat_file.sh: syntax error
[Warn  - 오전 9:57:17] 00:57:17.844 WARNING ⛔️ Error while parsing file:///root/scripts/cat_file.sh: syntax error
[Warn  - 오전 9:57:17] 00:57:17.963 WARNING ⛔️ Error while parsing file:///root/scripts/cat_file.sh: syntax error
[Warn  - 오전 9:57:18] 00:57:18.312 WARNING ⛔️ Error while parsing file:///root/scripts/cat_file.sh: syntax error
[Warn  - 오전 9:57:18] 00:57:18.698 WARNING ⛔️ Error while parsing file:///root/scripts/cat_file.sh: syntax error
[Warn  - 오전 9:57:18] 00:57:18.799 WARNING ⛔️ Error while parsing file:///root/scripts/cat_file.sh: syntax error
[Warn  - 오전 9:57:19] 00:57:19.403 WARNING ⛔️ Error while parsing file:///root/scripts/cat_file.sh: syntax error
[Warn  - 오전 9:57:19] 00:57:19.504 WARNING ⛔️ Error while parsing file:///root/scripts/cat_file.sh: syntax error
[Warn  - 오전 9:57:19] 00:57:19.668 WARNING ⛔️ Error while parsing file:///root/scripts/cat_file.sh: syntax error
[Warn  - 오전 9:57:19] 00:57:19.948 WARNING ⛔️ Error while parsing file:///root/scripts/cat_file.sh: syntax error
[Warn  - 오전 9:57:21] 00:57:21.291 WARNING ⛔️ Error while parsing file:///root/scripts/cat_file.sh: syntax error
[Warn  - 오전 9:57:28] 00:57:28.074 WARNING ⛔️ Error while parsing file:///root/scripts/cat_file.sh: syntax error
[Warn  - 오전 9:57:33] 00:57:33.635 WARNING ⛔️ Error while parsing file:///root/scripts/cat_file.sh: syntax error
[Warn  - 오전 9:58:53] 00:58:53.898 WARNING ⛔️ Error while parsing file:///root/scripts/cat_file.sh: syntax error
[Warn  - 오전 9:58:54] 00:58:54.618 WARNING ⛔️ Error while parsing file:///root/scripts/cat_file.sh: syntax error
[Warn  - 오전 9:58:55] 00:58:55.320 WARNING ⛔️ Error while parsing file:///root/scripts/cat_file.sh: syntax error
[Warn  - 오전 9:58:56] 00:58:56.578 WARNING ⛔️ Error while parsing file:///root/scripts/cat_file.sh: syntax error
[Warn  - 오전 9:58:58] 00:58:58.010 WARNING ⛔️ Error while parsing file:///root/scripts/cat_file.sh: syntax error
[Warn  - 오전 9:58:59] 00:58:59.097 WARNING ⛔️ Error while parsing file:///root/scripts/cat_file.sh: syntax error
[Warn  - 오전 9:58:59] 00:58:59.682 WARNING ⛔️ Error while parsing file:///root/scripts/cat_file.sh: syntax error
[Warn  - 오전 10:21:20] 01:21:20.738 WARNING ⛔️ Error while parsing file:///root/scripts/project1/qustion/exam.sh: syntax error
[Warn  - 오전 10:24:03] 01:24:03.321 WARNING ⛔️ Error while parsing file:///root/scripts/project1/qustion/exam.sh: syntax error
[Warn  - 오전 10:24:03] 01:24:03.727 WARNING ⛔️ Error while parsing file:///root/scripts/project1/qustion/exam.sh: syntax error
[Warn  - 오전 10:24:04] 01:24:04.840 WARNING ⛔️ Error while parsing file:///root/scripts/project1/qustion/exam.sh: syntax error
[Warn  - 오전 10:24:21] 01:24:21.298 WARNING ⛔️ Error while parsing file:///root/scripts/project1/qustion/exam.sh: syntax error
[Warn  - 오전 10:24:21] 01:24:21.655 WARNING ⛔️ Error while parsing file:///root/scripts/project1/qustion/exam.sh: syntax error
[Warn  - 오전 10:24:22] 01:24:22.266 WARNING ⛔️ Error while parsing file:///root/scripts/project1/qustion/exam.sh: syntax error
[Warn  - 오전 10:24:22] 01:24:22.924 WARNING ⛔️ Error while parsing file:///root/scripts/project1/qustion/exam.sh: syntax error
[Warn  - 오전 10:24:23] 01:24:23.047 WARNING ⛔️ Error while parsing file:///root/scripts/project1/qustion/exam.sh: syntax error
[Warn  - 오전 10:24:23] 01:24:23.171 WARNING ⛔️ Error while parsing file:///root/scripts/project1/qustion/exam.sh: syntax error
[Warn  - 오전 10:24:27] 01:24:27.439 WARNING ⛔️ Error while parsing file:///root/scripts/project1/qustion/exam.sh: syntax error
[Warn  - 오전 10:24:29] 01:24:29.606 WARNING ⛔️ Error while parsing file:///root/scripts/project1/qustion/exam.sh: syntax error
[Warn  - 오전 10:24:29] 01:24:29.901 WARNING ⛔️ Error while parsing file:///root/scripts/project1/qustion/exam.sh: syntax error
[Warn  - 오전 10:24:30] 01:24:30.761 WARNING ⛔️ Error while parsing file:///root/scripts/project1/qustion/exam.sh: syntax error
[Warn  - 오전 10:24:31] 01:24:31.403 WARNING ⛔️ Error while parsing file:///root/scripts/project1/qustion/exam.sh: syntax error
[Warn  - 오전 10:24:54] 01:24:54.055 WARNING ⛔️ Error while parsing file:///root/scripts/project1/qustion/exam.sh: syntax error
[Warn  - 오전 10:24:55] 01:24:55.266 WARNING ⛔️ Error while parsing file:///root/scripts/project1/qustion/exam.sh: syntax error
[Warn  - 오전 10:24:55] 01:24:55.521 WARNING ⛔️ Error while parsing file:///root/scripts/project1/qustion/exam.sh: syntax error
[Warn  - 오전 10:24:55] 01:24:55.848 WARNING ⛔️ Error while parsing file:///root/scripts/project1/qustion/exam.sh: syntax error
[Warn  - 오전 10:24:55] 01:24:55.876 WARNING ⛔️ Error while parsing file:///root/scripts/project1/qustion/exam.sh: syntax error
[Warn  - 오전 10:24:56] 01:24:56.816 WARNING ⛔️ Error while parsing file:///root/scripts/project1/qustion/exam.sh: syntax error
[Warn  - 오전 10:24:57] 01:24:57.160 WARNING ⛔️ Error while parsing file:///root/scripts/project1/qustion/exam.sh: syntax error
[Warn  - 오전 10:24:57] 01:24:57.486 WARNING ⛔️ Error while parsing file:///root/scripts/project1/qustion/exam.sh: syntax error
[Warn  - 오전 10:24:58] 01:24:58.376 WARNING ⛔️ Error while parsing file:///root/scripts/project1/qustion/exam.sh: syntax error
[Warn  - 오전 10:24:58] 01:24:58.833 WARNING ⛔️ Error while parsing file:///root/scripts/project1/qustion/exam.sh: syntax error
[Warn  - 오전 10:24:58] 01:24:58.987 WARNING ⛔️ Error while parsing file:///root/scripts/project1/qustion/exam.sh: syntax error
[Warn  - 오전 10:24:59] 01:24:59.841 WARNING ⛔️ Error while parsing file:///root/scripts/project1/qustion/exam.sh: syntax error
[Warn  - 오전 10:24:59] 01:24:59.953 WARNING ⛔️ Error while parsing file:///root/scripts/project1/qustion/exam.sh: syntax error
[Warn  - 오전 10:25:00] 01:25:00.418 WARNING ⛔️ Error while parsing file:///root/scripts/project1/qustion/exam.sh: syntax error
[Warn  - 오전 10:25:00] 01:25:00.553 WARNING ⛔️ Error while parsing file:///root/scripts/project1/qustion/exam.sh: syntax error
[Warn  - 오전 10:25:00] 01:25:00.907 WARNING ⛔️ Error while parsing file:///root/scripts/project1/qustion/exam.sh: syntax error
[Warn  - 오전 10:25:01] 01:25:01.568 WARNING ⛔️ Error while parsing file:///root/scripts/project1/qustion/exam.sh: syntax error
[Warn  - 오전 10:25:01] 01:25:01.762 WARNING ⛔️ Error while parsing file:///root/scripts/project1/qustion/exam.sh: syntax error
[Warn  - 오전 10:25:01] 01:25:01.847 WARNING ⛔️ Error while parsing file:///root/scripts/project1/qustion/exam.sh: syntax error
[Warn  - 오전 10:25:02] 01:25:02.033 WARNING ⛔️ Error while parsing file:///root/scripts/project1/qustion/exam.sh: syntax error
[Warn  - 오전 10:25:19] 01:25:19.046 WARNING ⛔️ Error while parsing file:///root/scripts/project1/qustion/exam.sh: syntax error
[Warn  - 오전 10:27:16] 01:27:16.654 WARNING ⛔️ Error while parsing file:///root/scripts/project1/qustion/exam.sh: syntax error
[Warn  - 오전 10:29:24] 01:29:24.447 WARNING ⛔️ Error while parsing file:///root/scripts/project1/qustion/exam.sh: syntax error
[Warn  - 오전 10:29:24] 01:29:24.548 WARNING ⛔️ Error while parsing file:///root/scripts/project1/qustion/exam.sh: syntax error
[Warn  - 오전 10:49:32] 01:49:32.889 WARNING ⛔️ Error while parsing file:///root/scripts/project1/exam.sh: syntax error
[Warn  - 오전 10:49:33] 01:49:33.631 WARNING ⛔️ Error while parsing file:///root/scripts/project1/exam.sh: syntax error
[Warn  - 오전 10:49:34] 01:49:34.168 WARNING ⛔️ Error while parsing file:///root/scripts/project1/exam.sh: syntax error
[Warn  - 오전 10:49:34] 01:49:34.646 WARNING ⛔️ Error while parsing file:///root/scripts/project1/exam.sh: syntax error
[Warn  - 오전 10:49:35] 01:49:35.061 WARNING ⛔️ Error while parsing file:///root/scripts/project1/exam.sh: syntax error
[Warn  - 오전 10:49:35] 01:49:35.120 WARNING ⛔️ Error while parsing file:///root/scripts/project1/exam.sh: syntax error
[Warn  - 오전 10:49:36] 01:49:36.240 WARNING ⛔️ Error while parsing file:///root/scripts/project1/exam.sh: syntax error
[Warn  - 오전 10:49:37] 01:49:37.854 WARNING ⛔️ Error while parsing file:///root/scripts/project1/exam.sh: syntax error
[Warn  - 오전 10:49:38] 01:49:38.072 WARNING ⛔️ Error while parsing file:///root/scripts/project1/exam.sh: syntax error
[Warn  - 오전 10:49:38] 01:49:38.189 WARNING ⛔️ Error while parsing file:///root/scripts/project1/exam.sh: syntax error
[Warn  - 오전 10:49:40] 01:49:40.450 WARNING ⛔️ Error while parsing file:///root/scripts/project1/exam.sh: syntax error
[Warn  - 오전 10:49:40] 01:49:40.729 WARNING ⛔️ Error while parsing file:///root/scripts/project1/exam.sh: syntax error
[Warn  - 오전 10:49:41] 01:49:41.536 WARNING ⛔️ Error while parsing file:///root/scripts/project1/exam.sh: syntax error
[Warn  - 오전 10:49:42] 01:49:42.167 WARNING ⛔️ Error while parsing file:///root/scripts/project1/exam.sh: syntax error
[Warn  - 오전 10:55:32] 01:55:32.952 WARNING ⛔️ Error while parsing file:///root/scripts/project1/exam.sh: syntax error
[Warn  - 오전 10:55:36] 01:55:36.730 WARNING ⛔️ Error while parsing file:///root/scripts/project1/exam.sh: syntax error
[Warn  - 오전 10:56:02] 01:56:02.682 WARNING ⛔️ Error while parsing file:///root/scripts/project1/exam.sh: syntax error
[Warn  - 오전 10:57:01] 01:57:01.186 WARNING ⛔️ Error while parsing file:///root/scripts/project1/exam.sh: syntax error
[Warn  - 오전 10:57:02] 01:57:02.697 WARNING ⛔️ Error while parsing file:///root/scripts/project1/exam.sh: syntax error
[Warn  - 오전 10:57:03] 01:57:03.154 WARNING ⛔️ Error while parsing file:///root/scripts/project1/exam.sh: syntax error
[Warn  - 오전 10:57:03] 01:57:03.969 WARNING ⛔️ Error while parsing file:///root/scripts/project1/exam.sh: syntax error
[Warn  - 오전 10:57:04] 01:57:04.505 WARNING ⛔️ Error while parsing file:///root/scripts/project1/exam.sh: syntax error
[Warn  - 오전 10:57:07] 01:57:07.907 WARNING ⛔️ Error while parsing file:///root/scripts/project1/exam.sh: syntax error
[Warn  - 오전 10:57:08] 01:57:08.290 WARNING ⛔️ Error while parsing file:///root/scripts/project1/exam.sh: syntax error
[Warn  - 오전 10:57:09] 01:57:09.095 WARNING ⛔️ Error while parsing file:///root/scripts/project1/exam.sh: syntax error
[Warn  - 오전 10:57:39] 01:57:39.055 WARNING ⛔️ Error while parsing file:///root/scripts/project1/exam.sh: syntax error
[Warn  - 오전 10:57:44] 01:57:44.614 WARNING ⛔️ Error while parsing file:///root/scripts/project1/exam.sh: syntax error
[Warn  - 오전 10:57:47] 01:57:47.570 WARNING ⛔️ Error while parsing file:///root/scripts/project1/exam.sh: syntax error
[Warn  - 오전 10:57:48] 01:57:48.721 WARNING ⛔️ Error while parsing file:///root/scripts/project1/exam.sh: syntax error
[Warn  - 오전 10:57:48] 01:57:48.963 WARNING ⛔️ Error while parsing file:///root/scripts/project1/exam.sh: syntax error
[Warn  - 오전 10:57:49] 01:57:49.387 WARNING ⛔️ Error while parsing file:///root/scripts/project1/exam.sh: syntax error
[Warn  - 오전 10:57:49] 01:57:49.995 WARNING ⛔️ Error while parsing file:///root/scripts/project1/exam.sh: syntax error
[Warn  - 오전 10:57:51] 01:57:51.203 WARNING ⛔️ Error while parsing file:///root/scripts/project1/exam.sh: syntax error
[Warn  - 오전 10:57:52] 01:57:52.025 WARNING ⛔️ Error while parsing file:///root/scripts/project1/exam.sh: syntax error
[Warn  - 오전 10:57:52] 01:57:52.683 WARNING ⛔️ Error while parsing file:///root/scripts/project1/exam.sh: syntax error
[Warn  - 오전 10:57:53] 01:57:53.627 WARNING ⛔️ Error while parsing file:///root/scripts/project1/exam.sh: syntax error
[Warn  - 오전 10:58:23] 01:58:23.306 WARNING ⛔️ Error while parsing file:///root/scripts/project1/exam.sh: syntax error
[Warn  - 오전 11:00:52] 02:00:52.071 WARNING ⛔️ Error while parsing file:///root/scripts/project1/exam.sh: syntax error
[Warn  - 오전 11:00:52] 02:00:52.471 WARNING ⛔️ Error while parsing file:///root/scripts/project1/exam.sh: syntax error
[Warn  - 오전 11:00:55] 02:00:55.027 WARNING ⛔️ Error while parsing file:///root/scripts/project1/exam.sh: syntax error
[Warn  - 오전 11:00:57] 02:00:57.255 WARNING ⛔️ Error while parsing file:///root/scripts/project1/exam.sh: syntax error
[Warn  - 오전 11:00:59] 02:00:59.144 WARNING ⛔️ Error while parsing file:///root/scripts/project1/exam.sh: syntax error
[Warn  - 오전 11:01:00] 02:01:00.720 WARNING ⛔️ Error while parsing file:///root/scripts/project1/exam.sh: syntax error
[Warn  - 오전 11:01:01] 02:01:01.840 WARNING ⛔️ Error while parsing file:///root/scripts/project1/exam.sh: syntax error
[Warn  - 오전 11:01:02] 02:01:02.274 WARNING ⛔️ Error while parsing file:///root/scripts/project1/exam.sh: syntax error
[Warn  - 오전 11:01:03] 02:01:03.265 WARNING ⛔️ Error while parsing file:///root/scripts/project1/exam.sh: syntax error
[Warn  - 오전 11:01:08] 02:01:08.859 WARNING ⛔️ Error while parsing file:///root/scripts/project1/exam.sh: syntax error
[Warn  - 오전 11:01:09] 02:01:09.672 WARNING ⛔️ Error while parsing file:///root/scripts/project1/exam.sh: syntax error
[Warn  - 오전 11:01:12] 02:01:12.116 WARNING ⛔️ Error while parsing file:///root/scripts/project1/exam.sh: syntax error
[Warn  - 오전 11:01:13] 02:01:13.248 WARNING ⛔️ Error while parsing file:///root/scripts/project1/exam.sh: syntax error
[Warn  - 오전 11:01:13] 02:01:13.782 WARNING ⛔️ Error while parsing file:///root/scripts/project1/exam.sh: syntax error
[Warn  - 오전 11:01:14] 02:01:14.785 WARNING ⛔️ Error while parsing file:///root/scripts/project1/exam.sh: syntax error
[Warn  - 오전 11:01:18] 02:01:18.551 WARNING ⛔️ Error while parsing file:///root/scripts/project1/exam.sh: syntax error
[Warn  - 오전 11:01:19] 02:01:19.361 WARNING ⛔️ Error while parsing file:///root/scripts/project1/exam.sh: syntax error
[Warn  - 오전 11:01:19] 02:01:19.513 WARNING ⛔️ Error while parsing file:///root/scripts/project1/exam.sh: syntax error
[Warn  - 오전 11:01:20] 02:01:20.080 WARNING ⛔️ Error while parsing file:///root/scripts/project1/exam.sh: syntax error
[Warn  - 오전 11:01:20] 02:01:20.190 WARNING ⛔️ Error while parsing file:///root/scripts/project1/exam.sh: syntax error
[Warn  - 오전 11:01:22] 02:01:22.076 WARNING ⛔️ Error while parsing file:///root/scripts/project1/exam.sh: syntax error
[Warn  - 오전 11:01:23] 02:01:23.114 WARNING ⛔️ Error while parsing file:///root/scripts/project1/exam.sh: syntax error
[Warn  - 오전 11:01:23] 02:01:23.794 WARNING ⛔️ Error while parsing file:///root/scripts/project1/exam.sh: syntax error
[Warn  - 오전 11:01:23] 02:01:23.999 WARNING ⛔️ Error while parsing file:///root/scripts/project1/exam.sh: syntax error
[Warn  - 오전 11:01:24] 02:01:24.148 WARNING ⛔️ Error while parsing file:///root/scripts/project1/exam.sh: syntax error
[Warn  - 오전 11:01:24] 02:01:24.543 WARNING ⛔️ Error while parsing file:///root/scripts/project1/exam.sh: syntax error
[Warn  - 오전 11:01:25] 02:01:25.289 WARNING ⛔️ Error while parsing file:///root/scripts/project1/exam.sh: syntax error
[Warn  - 오전 11:01:25] 02:01:25.585 WARNING ⛔️ Error while parsing file:///root/scripts/project1/exam.sh: syntax error
[Warn  - 오전 11:01:26] 02:01:26.048 WARNING ⛔️ Error while parsing file:///root/scripts/project1/exam.sh: syntax error
[Warn  - 오전 11:01:36] 02:01:36.534 WARNING ⛔️ Error while parsing file:///root/scripts/project1/exam.sh: syntax error
[Warn  - 오전 11:01:41] 02:01:41.872 WARNING ⛔️ Error while parsing file:///root/scripts/project1/exam.sh: syntax error
[Warn  - 오전 11:04:45] 02:04:45.877 WARNING ⛔️ Error while parsing file:///root/scripts/project1/exam.sh: syntax error
[Warn  - 오전 11:04:45] 02:04:45.978 WARNING ⛔️ Error while parsing file:///root/scripts/project1/exam.sh: syntax error
[Warn  - 오전 11:04:48] 02:04:48.607 WARNING ⛔️ Error while parsing file:///root/scripts/project1/exam.sh: syntax error
[Warn  - 오전 11:06:15] 02:06:15.948 WARNING ⛔️ Error while parsing file:///root/scripts/project1/exam.sh: syntax error
[Warn  - 오전 11:06:19] 02:06:19.924 WARNING ⛔️ Error while parsing file:///root/scripts/project1/exam.sh: syntax error
[Warn  - 오전 11:06:20] 02:06:20.659 WARNING ⛔️ Error while parsing file:///root/scripts/project1/exam.sh: syntax error
[Warn  - 오전 11:06:25] 02:06:25.236 WARNING ⛔️ Error while parsing file:///root/scripts/project1/exam.sh: syntax error
[Warn  - 오전 11:06:25] 02:06:25.866 WARNING ⛔️ Error while parsing file:///root/scripts/project1/exam.sh: syntax error
[Warn  - 오전 11:06:26] 02:06:26.045 WARNING ⛔️ Error while parsing file:///root/scripts/project1/exam.sh: syntax error
[Warn  - 오전 11:06:27] 02:06:27.340 WARNING ⛔️ Error while parsing file:///root/scripts/project1/exam.sh: syntax error
[Warn  - 오전 11:06:31] 02:06:31.271 WARNING ⛔️ Error while parsing file:///root/scripts/project1/exam.sh: syntax error
[Warn  - 오전 11:06:31] 02:06:31.525 WARNING ⛔️ Error while parsing file:///root/scripts/project1/exam.sh: syntax error
[Warn  - 오전 11:10:09] 02:10:09.271 WARNING ⛔️ Error while parsing file:///root/scripts/project1/exam.sh: syntax error
[Warn  - 오전 11:10:09] 02:10:09.641 WARNING ⛔️ Error while parsing file:///root/scripts/project1/exam.sh: syntax error
[Warn  - 오전 11:12:24] 02:12:24.082 WARNING ⛔️ Error while parsing file:///root/scripts/project1/exam.sh: syntax error
[Warn  - 오전 11:12:28] 02:12:28.065 WARNING ⛔️ Error while parsing file:///root/scripts/project1/exam.sh: syntax error
[Warn  - 오전 11:12:28] 02:12:28.340 WARNING ⛔️ Error while parsing file:///root/scripts/project1/exam.sh: syntax error
[Warn  - 오전 11:12:28] 02:12:28.968 WARNING ⛔️ Error while parsing file:///root/scripts/project1/exam.sh: syntax error
[Warn  - 오전 11:41:55] 02:41:55.250 WARNING ⛔️ Error while parsing file:///root/scripts/project2/chklog.sh: syntax error
[Warn  - 오전 11:41:55] 02:41:55.790 WARNING ⛔️ Error while parsing file:///root/scripts/project2/chklog.sh: syntax error
[Warn  - 오전 11:41:55] 02:41:55.989 WARNING ⛔️ Error while parsing file:///root/scripts/project2/chklog.sh: syntax error
[Warn  - 오전 11:41:56] 02:41:56.186 WARNING ⛔️ Error while parsing file:///root/scripts/project2/chklog.sh: syntax error
[Warn  - 오전 11:41:57] 02:41:57.107 WARNING ⛔️ Error while parsing file:///root/scripts/project2/chklog.sh: syntax error
[Warn  - 오전 11:41:57] 02:41:57.356 WARNING ⛔️ Error while parsing file:///root/scripts/project2/chklog.sh: syntax error
[Warn  - 오전 11:41:57] 02:41:57.675 WARNING ⛔️ Error while parsing file:///root/scripts/project2/chklog.sh: syntax error
[Warn  - 오전 11:41:58] 02:41:58.164 WARNING ⛔️ Error while parsing file:///root/scripts/project2/chklog.sh: syntax error
[Warn  - 오전 11:42:00] 02:42:00.293 WARNING ⛔️ Error while parsing file:///root/scripts/project2/chklog.sh: syntax error
[Warn  - 오전 11:42:00] 02:42:00.646 WARNING ⛔️ Error while parsing file:///root/scripts/project2/chklog.sh: syntax error
[Warn  - 오전 11:42:00] 02:42:00.855 WARNING ⛔️ Error while parsing file:///root/scripts/project2/chklog.sh: syntax error
[Warn  - 오전 11:42:01] 02:42:01.210 WARNING ⛔️ Error while parsing file:///root/scripts/project2/chklog.sh: syntax error
[Warn  - 오전 11:42:02] 02:42:02.005 WARNING ⛔️ Error while parsing file:///root/scripts/project2/chklog.sh: syntax error
[Warn  - 오전 11:42:02] 02:42:02.031 WARNING ⛔️ Error while parsing file:///root/scripts/project2/chklog.sh: syntax error
[Warn  - 오전 11:42:02] 02:42:02.144 WARNING ⛔️ Error while parsing file:///root/scripts/project2/chklog.sh: syntax error
[Warn  - 오전 11:42:02] 02:42:02.302 WARNING ⛔️ Error while parsing file:///root/scripts/project2/chklog.sh: syntax error
[Warn  - 오전 11:42:30] 02:42:30.123 WARNING ⛔️ Error while parsing file:///root/scripts/project2/chklog.sh: syntax error
[Warn  - 오전 11:43:57] 02:43:57.461 WARNING ⛔️ Error while parsing file:///root/scripts/project2/chklog.sh: syntax error
[Warn  - 오전 11:44:49] 02:44:49.938 WARNING ⛔️ Error while parsing file:///root/scripts/project2/chklog.sh: syntax error
[Warn  - 오전 11:46:03] 02:46:03.690 WARNING ⛔️ Error while parsing file:///root/scripts/project2/chklog.sh: syntax error
[Warn  - 오전 11:46:04] 02:46:04.248 WARNING ⛔️ Error while parsing file:///root/scripts/project2/chklog.sh: syntax error
[Warn  - 오전 11:46:05] 02:46:05.544 WARNING ⛔️ Error while parsing file:///root/scripts/project2/chklog.sh: syntax error
[Warn  - 오전 11:46:06] 02:46:06.401 WARNING ⛔️ Error while parsing file:///root/scripts/project2/chklog.sh: syntax error
[Warn  - 오전 11:46:07] 02:46:07.505 WARNING ⛔️ Error while parsing file:///root/scripts/project2/chklog.sh: syntax error
[Warn  - 오전 11:46:12] 02:46:12.817 WARNING ⛔️ Error while parsing file:///root/scripts/project2/chklog.sh: syntax error
[Warn  - 오전 11:46:13] 02:46:13.658 WARNING ⛔️ Error while parsing file:///root/scripts/project2/chklog.sh: syntax error
[Warn  - 오전 11:46:22] 02:46:22.297 WARNING ⛔️ Error while parsing file:///root/scripts/project2/chklog.sh: syntax error
[Warn  - 오전 11:46:24] 02:46:24.241 WARNING ⛔️ Error while parsing file:///root/scripts/project2/chklog.sh: syntax error
[Warn  - 오전 11:46:55] 02:46:55.625 WARNING ⛔️ Error while parsing file:///root/scripts/project2/chklog.sh: syntax error
[Warn  - 오전 11:46:56] 02:46:56.546 WARNING ⛔️ Error while parsing file:///root/scripts/project2/chklog.sh: syntax error
[Warn  - 오전 11:46:57] 02:46:57.537 WARNING ⛔️ Error while parsing file:///root/scripts/project2/chklog.sh: syntax error
[Warn  - 오전 11:46:58] 02:46:58.248 WARNING ⛔️ Error while parsing file:///root/scripts/project2/chklog.sh: syntax error
[Warn  - 오전 11:47:03] 02:47:03.248 WARNING ⛔️ Error while parsing file:///root/scripts/project2/chklog.sh: syntax error
[Warn  - 오전 11:48:53] 02:48:53.545 WARNING ⛔️ Error while parsing file:///root/scripts/project2/chklog.sh: syntax error
[Warn  - 오후 12:02:59] 03:02:59.903 WARNING ⛔️ Error while parsing file:///root/scripts/ftp.sh: syntax error
[Warn  - 오후 12:03:00] 03:03:00.886 WARNING ⛔️ Error while parsing file:///root/scripts/ftp.sh: syntax error
[Warn  - 오후 12:03:01] 03:03:01.086 WARNING ⛔️ Error while parsing file:///root/scripts/ftp.sh: syntax error
[Warn  - 오후 12:03:01] 03:03:01.286 WARNING ⛔️ Error while parsing file:///root/scripts/ftp.sh: syntax error
[Warn  - 오후 12:03:01] 03:03:01.638 WARNING ⛔️ Error while parsing file:///root/scripts/ftp.sh: syntax error
[Warn  - 오후 12:03:02] 03:03:02.390 WARNING ⛔️ Error while parsing file:///root/scripts/ftp.sh: syntax error
[Warn  - 오후 12:03:02] 03:03:02.917 WARNING ⛔️ Error while parsing file:///root/scripts/ftp.sh: syntax error
[Warn  - 오후 12:03:03] 03:03:03.462 WARNING ⛔️ Error while parsing file:///root/scripts/ftp.sh: syntax error
[Warn  - 오후 12:03:03] 03:03:03.503 WARNING ⛔️ Error while parsing file:///root/scripts/ftp.sh: syntax error
[Warn  - 오후 12:03:03] 03:03:03.623 WARNING ⛔️ Error while parsing file:///root/scripts/ftp.sh: syntax error
[Warn  - 오후 12:03:04] 03:03:04.654 WARNING ⛔️ Error while parsing file:///root/scripts/ftp.sh: syntax error
[Warn  - 오후 12:03:05] 03:03:05.273 WARNING ⛔️ Error while parsing file:///root/scripts/ftp.sh: syntax error
[Warn  - 오후 12:03:05] 03:03:05.503 WARNING ⛔️ Error while parsing file:///root/scripts/ftp.sh: syntax error
[Warn  - 오후 12:03:05] 03:03:05.655 WARNING ⛔️ Error while parsing file:///root/scripts/ftp.sh: syntax error
[Warn  - 오후 12:03:05] 03:03:05.871 WARNING ⛔️ Error while parsing file:///root/scripts/ftp.sh: syntax error
[Warn  - 오후 12:04:42] 03:04:42.933 WARNING ⛔️ Error while parsing file:///root/scripts/ftp.sh: syntax error
[Warn  - 오후 12:04:44] 03:04:44.885 WARNING ⛔️ Error while parsing file:///root/scripts/ftp.sh: syntax error
[Warn  - 오후 12:04:45] 03:04:45.404 WARNING ⛔️ Error while parsing file:///root/scripts/ftp.sh: syntax error
[Warn  - 오후 12:04:46] 03:04:46.032 WARNING ⛔️ Error while parsing file:///root/scripts/ftp.sh: syntax error
[Warn  - 오후 12:04:46] 03:04:46.545 WARNING ⛔️ Error while parsing file:///root/scripts/ftp.sh: syntax error
[Warn  - 오후 12:04:47] 03:04:47.014 WARNING ⛔️ Error while parsing file:///root/scripts/ftp.sh: syntax error
[Warn  - 오후 12:04:47] 03:04:47.206 WARNING ⛔️ Error while parsing file:///root/scripts/ftp.sh: syntax error
[Warn  - 오후 12:04:47] 03:04:47.402 WARNING ⛔️ Error while parsing file:///root/scripts/ftp.sh: syntax error
[Warn  - 오후 12:04:48] 03:04:48.495 WARNING ⛔️ Error while parsing file:///root/scripts/ftp.sh: syntax error
[Warn  - 오후 12:04:48] 03:04:48.940 WARNING ⛔️ Error while parsing file:///root/scripts/ftp.sh: syntax error
[Warn  - 오후 12:04:49] 03:04:49.716 WARNING ⛔️ Error while parsing file:///root/scripts/ftp.sh: syntax error
[Warn  - 오후 12:04:50] 03:04:50.188 WARNING ⛔️ Error while parsing file:///root/scripts/ftp.sh: syntax error
[Warn  - 오후 12:04:50] 03:04:50.619 WARNING ⛔️ Error while parsing file:///root/scripts/ftp.sh: syntax error
[Warn  - 오후 12:04:51] 03:04:51.037 WARNING ⛔️ Error while parsing file:///root/scripts/ftp.sh: syntax error
[Warn  - 오후 12:04:51] 03:04:51.446 WARNING ⛔️ Error while parsing file:///root/scripts/ftp.sh: syntax error
[Warn  - 오후 12:04:52] 03:04:52.931 WARNING ⛔️ Error while parsing file:///root/scripts/ftp.sh: syntax error
[Warn  - 오후 12:04:54] 03:04:54.926 WARNING ⛔️ Error while parsing file:///root/scripts/ftp.sh: syntax error
[Warn  - 오후 12:04:56] 03:04:56.220 WARNING ⛔️ Error while parsing file:///root/scripts/ftp.sh: syntax error
[Warn  - 오후 12:04:58] 03:04:58.072 WARNING ⛔️ Error while parsing file:///root/scripts/ftp.sh: syntax error
[Warn  - 오후 12:05:00] 03:05:00.542 WARNING ⛔️ Error while parsing file:///root/scripts/ftp.sh: syntax error
[Warn  - 오후 12:05:01] 03:05:01.115 WARNING ⛔️ Error while parsing file:///root/scripts/ftp.sh: syntax error
[Warn  - 오후 12:05:01] 03:05:01.830 WARNING ⛔️ Error while parsing file:///root/scripts/ftp.sh: syntax error
[Warn  - 오후 12:05:02] 03:05:02.414 WARNING ⛔️ Error while parsing file:///root/scripts/ftp.sh: syntax error
[Warn  - 오후 12:05:02] 03:05:02.701 WARNING ⛔️ Error while parsing file:///root/scripts/ftp.sh: syntax error
[Warn  - 오후 12:05:03] 03:05:03.877 WARNING ⛔️ Error while parsing file:///root/scripts/ftp.sh: syntax error
[Warn  - 오후 12:05:04] 03:05:04.484 WARNING ⛔️ Error while parsing file:///root/scripts/ftp.sh: syntax error
[Warn  - 오후 12:05:04] 03:05:04.893 WARNING ⛔️ Error while parsing file:///root/scripts/ftp.sh: syntax error
[Warn  - 오후 12:05:07] 03:05:07.053 WARNING ⛔️ Error while parsing file:///root/scripts/ftp.sh: syntax error
[Warn  - 오후 12:05:08] 03:05:08.004 WARNING ⛔️ Error while parsing file:///root/scripts/ftp.sh: syntax error
[Warn  - 오후 12:05:08] 03:05:08.421 WARNING ⛔️ Error while parsing file:///root/scripts/ftp.sh: syntax error
[Warn  - 오후 12:05:09] 03:05:09.059 WARNING ⛔️ Error while parsing file:///root/scripts/ftp.sh: syntax error
[Warn  - 오후 12:05:09] 03:05:09.467 WARNING ⛔️ Error while parsing file:///root/scripts/ftp.sh: syntax error
[Warn  - 오후 12:05:10] 03:05:10.518 WARNING ⛔️ Error while parsing file:///root/scripts/ftp.sh: syntax error
[Warn  - 오후 12:05:11] 03:05:11.118 WARNING ⛔️ Error while parsing file:///root/scripts/ftp.sh: syntax error
[Warn  - 오후 12:05:11] 03:05:11.358 WARNING ⛔️ Error while parsing file:///root/scripts/ftp.sh: syntax error
[Warn  - 오후 12:05:11] 03:05:11.479 WARNING ⛔️ Error while parsing file:///root/scripts/ftp.sh: syntax error
[Warn  - 오후 12:05:11] 03:05:11.694 WARNING ⛔️ Error while parsing file:///root/scripts/ftp.sh: syntax error
[Warn  - 오후 12:05:12] 03:05:12.724 WARNING ⛔️ Error while parsing file:///root/scripts/ftp.sh: syntax error
[Warn  - 오후 12:05:13] 03:05:13.535 WARNING ⛔️ Error while parsing file:///root/scripts/ftp.sh: syntax error
[Warn  - 오후 12:05:15] 03:05:15.108 WARNING ⛔️ Error while parsing file:///root/scripts/ftp.sh: syntax error
[Warn  - 오후 12:05:16] 03:05:16.459 WARNING ⛔️ Error while parsing file:///root/scripts/ftp.sh: syntax error
[Warn  - 오후 12:05:17] 03:05:17.237 WARNING ⛔️ Error while parsing file:///root/scripts/ftp.sh: syntax error
[Warn  - 오후 12:05:38] 03:05:38.333 WARNING ⛔️ Error while parsing file:///root/scripts/ftp.sh: syntax error
[Warn  - 오후 12:05:39] 03:05:39.515 WARNING ⛔️ Error while parsing file:///root/scripts/ftp.sh: syntax error
[Warn  - 오후 12:06:27] 03:06:27.885 WARNING ⛔️ Error while parsing file:///root/scripts/ftp.sh: syntax error
[Warn  - 오후 12:06:28] 03:06:28.268 WARNING ⛔️ Error while parsing file:///root/scripts/ftp.sh: syntax error
[Warn  - 오후 12:06:28] 03:06:28.996 WARNING ⛔️ Error while parsing file:///root/scripts/ftp.sh: syntax error
[Warn  - 오후 12:06:29] 03:06:29.252 WARNING ⛔️ Error while parsing file:///root/scripts/ftp.sh: syntax error
[Warn  - 오후 12:06:30] 03:06:30.884 WARNING ⛔️ Error while parsing file:///root/scripts/ftp.sh: syntax error
[Warn  - 오후 12:06:31] 03:06:31.747 WARNING ⛔️ Error while parsing file:///root/scripts/ftp.sh: syntax error
[Warn  - 오후 12:09:36] 03:09:36.843 WARNING ⛔️ Error while parsing file:///root/scripts/ftp.sh: syntax error
[Warn  - 오후 12:09:37] 03:09:37.691 WARNING ⛔️ Error while parsing file:///root/scripts/ftp.sh: syntax error
[Warn  - 오후 12:09:39] 03:09:39.194 WARNING ⛔️ Error while parsing file:///root/scripts/ftp.sh: syntax error
[Warn  - 오후 12:09:39] 03:09:39.714 WARNING ⛔️ Error while parsing file:///root/scripts/ftp.sh: syntax error
[Warn  - 오후 12:09:44] 03:09:44.081 WARNING ⛔️ Error while parsing file:///root/scripts/ftp.sh: syntax error
[Warn  - 오후 12:09:44] 03:09:44.929 WARNING ⛔️ Error while parsing file:///root/scripts/ftp.sh: syntax error
[Warn  - 오후 12:09:45] 03:09:45.996 WARNING ⛔️ Error while parsing file:///root/scripts/ftp.sh: syntax error
[Warn  - 오후 12:12:03] 03:12:03.601 WARNING ⛔️ Error while parsing file:///root/scripts/ftp.sh: syntax error
[Warn  - 오후 12:12:05] 03:12:05.114 WARNING ⛔️ Error while parsing file:///root/scripts/ftp.sh: syntax error
[Warn  - 오후 12:12:06] 03:12:06.761 WARNING ⛔️ Error while parsing file:///root/scripts/ftp.sh: syntax error
[Warn  - 오후 12:12:07] 03:12:07.665 WARNING ⛔️ Error while parsing file:///root/scripts/ftp.sh: syntax error
[Warn  - 오후 12:12:15] 03:12:15.042 WARNING ⛔️ Error while parsing file:///root/scripts/ftp.sh: syntax error
[Warn  - 오후 12:12:16] 03:12:16.409 WARNING ⛔️ Error while parsing file:///root/scripts/ftp.sh: syntax error
[Warn  - 오후 12:12:17] 03:12:17.633 WARNING ⛔️ Error while parsing file:///root/scripts/ftp.sh: syntax error
[Warn  - 오후 12:12:29] 03:12:29.504 WARNING ⛔️ Error while parsing file:///root/scripts/ftp.sh: syntax error
[Warn  - 오후 12:12:29] 03:12:29.889 WARNING ⛔️ Error while parsing file:///root/scripts/ftp.sh: syntax error
[Warn  - 오후 12:12:31] 03:12:31.509 WARNING ⛔️ Error while parsing file:///root/scripts/ftp.sh: syntax error
[Warn  - 오후 12:12:35] 03:12:35.554 WARNING ⛔️ Error while parsing file:///root/scripts/ftp.sh: syntax error
[Warn  - 오후 12:12:35] 03:12:35.616 WARNING ⛔️ Error while parsing file:///root/scripts/ftp.sh: syntax error
[Warn  - 오후 12:12:35] 03:12:35.720 WARNING ⛔️ Error while parsing file:///root/scripts/ftp.sh: syntax error
[Warn  - 오후 12:12:35] 03:12:35.899 WARNING ⛔️ Error while parsing file:///root/scripts/ftp.sh: syntax error
[Warn  - 오후 12:12:37] 03:12:37.024 WARNING ⛔️ Error while parsing file:///root/scripts/ftp.sh: syntax error
[Warn  - 오후 12:12:42] 03:12:42.082 WARNING ⛔️ Error while parsing file:///root/scripts/ftp.sh: syntax error
[Warn  - 오후 12:12:43] 03:12:43.326 WARNING ⛔️ Error while parsing file:///root/scripts/ftp.sh: syntax error
[Warn  - 오후 12:12:44] 03:12:44.423 WARNING ⛔️ Error while parsing file:///root/scripts/ftp.sh: syntax error
[Warn  - 오후 12:12:45] 03:12:45.325 WARNING ⛔️ Error while parsing file:///root/scripts/ftp.sh: syntax error
[Warn  - 오후 12:12:46] 03:12:46.303 WARNING ⛔️ Error while parsing file:///root/scripts/ftp.sh: syntax error
[Warn  - 오후 12:12:47] 03:12:47.658 WARNING ⛔️ Error while parsing file:///root/scripts/ftp.sh: syntax error
[Warn  - 오후 12:12:48] 03:12:48.239 WARNING ⛔️ Error while parsing file:///root/scripts/ftp.sh: syntax error
[Warn  - 오후 12:12:48] 03:12:48.546 WARNING ⛔️ Error while parsing file:///root/scripts/ftp.sh: syntax error
[Warn  - 오후 12:12:48] 03:12:48.970 WARNING ⛔️ Error while parsing file:///root/scripts/ftp.sh: syntax error
[Warn  - 오후 12:12:49] 03:12:49.550 WARNING ⛔️ Error while parsing file:///root/scripts/ftp.sh: syntax error
[Warn  - 오후 12:12:49] 03:12:49.769 WARNING ⛔️ Error while parsing file:///root/scripts/ftp.sh: syntax error
[Warn  - 오후 12:12:50] 03:12:50.374 WARNING ⛔️ Error while parsing file:///root/scripts/ftp.sh: syntax error
[Warn  - 오후 12:12:50] 03:12:50.475 WARNING ⛔️ Error while parsing file:///root/scripts/ftp.sh: syntax error
[Warn  - 오후 12:12:50] 03:12:50.696 WARNING ⛔️ Error while parsing file:///root/scripts/ftp.sh: syntax error
[Warn  - 오후 12:12:51] 03:12:51.290 WARNING ⛔️ Error while parsing file:///root/scripts/ftp.sh: syntax error
[Warn  - 오후 12:12:51] 03:12:51.694 WARNING ⛔️ Error while parsing file:///root/scripts/ftp.sh: syntax error
[Warn  - 오후 12:12:52] 03:12:52.060 WARNING ⛔️ Error while parsing file:///root/scripts/ftp.sh: syntax error
[Warn  - 오후 12:12:52] 03:12:52.759 WARNING ⛔️ Error while parsing file:///root/scripts/ftp.sh: syntax error
[Warn  - 오후 12:12:53] 03:12:53.878 WARNING ⛔️ Error while parsing file:///root/scripts/ftp.sh: syntax error
[Warn  - 오후 12:12:54] 03:12:54.951 WARNING ⛔️ Error while parsing file:///root/scripts/ftp.sh: syntax error
[Warn  - 오후 12:12:55] 03:12:55.732 WARNING ⛔️ Error while parsing file:///root/scripts/ftp.sh: syntax error
[Warn  - 오후 12:12:55] 03:12:55.981 WARNING ⛔️ Error while parsing file:///root/scripts/ftp.sh: syntax error
[Warn  - 오후 12:12:56] 03:12:56.475 WARNING ⛔️ Error while parsing file:///root/scripts/ftp.sh: syntax error
[Warn  - 오후 12:12:57] 03:12:57.667 WARNING ⛔️ Error while parsing file:///root/scripts/ftp.sh: syntax error
[Warn  - 오후 12:12:58] 03:12:58.649 WARNING ⛔️ Error while parsing file:///root/scripts/ftp.sh: syntax error
[Warn  - 오후 12:12:59] 03:12:59.592 WARNING ⛔️ Error while parsing file:///root/scripts/ftp.sh: syntax error
[Warn  - 오후 12:13:00] 03:13:00.800 WARNING ⛔️ Error while parsing file:///root/scripts/ftp.sh: syntax error
[Warn  - 오후 12:13:01] 03:13:01.288 WARNING ⛔️ Error while parsing file:///root/scripts/ftp.sh: syntax error
[Warn  - 오후 12:13:03] 03:13:03.032 WARNING ⛔️ Error while parsing file:///root/scripts/ftp.sh: syntax error
[Warn  - 오후 12:13:03] 03:13:03.314 WARNING ⛔️ Error while parsing file:///root/scripts/ftp.sh: syntax error
[Warn  - 오후 12:13:04] 03:13:04.849 WARNING ⛔️ Error while parsing file:///root/scripts/ftp.sh: syntax error
[Warn  - 오후 12:13:05] 03:13:05.674 WARNING ⛔️ Error while parsing file:///root/scripts/ftp.sh: syntax error
[Warn  - 오후 12:13:05] 03:13:05.847 WARNING ⛔️ Error while parsing file:///root/scripts/ftp.sh: syntax error
[Warn  - 오후 12:13:06] 03:13:06.752 WARNING ⛔️ Error while parsing file:///root/scripts/ftp.sh: syntax error
[Warn  - 오후 12:13:07] 03:13:07.496 WARNING ⛔️ Error while parsing file:///root/scripts/ftp.sh: syntax error
[Warn  - 오후 12:13:08] 03:13:08.328 WARNING ⛔️ Error while parsing file:///root/scripts/ftp.sh: syntax error
[Warn  - 오후 12:13:08] 03:13:08.807 WARNING ⛔️ Error while parsing file:///root/scripts/ftp.sh: syntax error
[Warn  - 오후 12:13:16] 03:13:16.713 WARNING ⛔️ Error while parsing file:///root/scripts/ftp.sh: syntax error
[Warn  - 오후 12:13:17] 03:13:17.313 WARNING ⛔️ Error while parsing file:///root/scripts/ftp.sh: syntax error
[Warn  - 오후 12:13:17] 03:13:17.493 WARNING ⛔️ Error while parsing file:///root/scripts/ftp.sh: syntax error
[Warn  - 오후 12:13:18] 03:13:18.119 WARNING ⛔️ Error while parsing file:///root/scripts/ftp.sh: syntax error
[Warn  - 오후 12:13:19] 03:13:19.519 WARNING ⛔️ Error while parsing file:///root/scripts/ftp.sh: syntax error
[Warn  - 오후 12:13:20] 03:13:20.520 WARNING ⛔️ Error while parsing file:///root/scripts/ftp.sh: syntax error
[Warn  - 오후 12:13:20] 03:13:20.586 WARNING ⛔️ Error while parsing file:///root/scripts/ftp.sh: syntax error
[Warn  - 오후 12:13:21] 03:13:21.535 WARNING ⛔️ Error while parsing file:///root/scripts/ftp.sh: syntax error
[Warn  - 오후 12:13:22] 03:13:22.175 WARNING ⛔️ Error while parsing file:///root/scripts/ftp.sh: syntax error
[Warn  - 오후 12:13:55] 03:13:55.507 WARNING ⛔️ Error while parsing file:///root/scripts/ftp.sh: syntax error
[Warn  - 오후 12:13:56] 03:13:56.895 WARNING ⛔️ Error while parsing file:///root/scripts/ftp.sh: syntax error
[Warn  - 오후 12:13:57] 03:13:57.405 WARNING ⛔️ Error while parsing file:///root/scripts/ftp.sh: syntax error
[Warn  - 오후 12:15:24] 03:15:24.407 WARNING ⛔️ Error while parsing file:///root/scripts/ftp.sh: syntax error
[Warn  - 오후 12:15:25] 03:15:25.756 WARNING ⛔️ Error while parsing file:///root/scripts/ftp.sh: syntax error
[Warn  - 오후 12:15:28] 03:15:28.023 WARNING ⛔️ Error while parsing file:///root/scripts/ftp.sh: syntax error
[Warn  - 오후 12:15:29] 03:15:29.052 WARNING ⛔️ Error while parsing file:///root/scripts/ftp.sh: syntax error
[Warn  - 오후 12:15:29] 03:15:29.719 WARNING ⛔️ Error while parsing file:///root/scripts/ftp.sh: syntax error
[Warn  - 오후 12:15:30] 03:15:30.113 WARNING ⛔️ Error while parsing file:///root/scripts/ftp.sh: syntax error
[Warn  - 오후 12:15:30] 03:15:30.927 WARNING ⛔️ Error while parsing file:///root/scripts/ftp.sh: syntax error
[Warn  - 오후 12:15:31] 03:15:31.678 WARNING ⛔️ Error while parsing file:///root/scripts/ftp.sh: syntax error
